# JRE version: Java(TM) SE Runtime Environment (8.0_172-b11) (build 1.8.0_172-b11)
# Java VM: Java HotSpot(TM) 64-Bit Server VM (25.172-b11 mixed mode windows-amd64 compressed oops)
Heap:
 PSYoungGen      total 86016K, used 40326K [0x00000000d5b80000, 0x00000000ebb80000, 0x0000000100000000)
  eden space 84992K, 46% used [0x00000000d5b80000,0x00000000d8229810,0x00000000dae80000)
  from space 1024K, 71% used [0x00000000eb900000,0x00000000eb9b8000,0x00000000eba00000)
  to   space 1536K, 0% used [0x00000000eba00000,0x00000000eba00000,0x00000000ebb80000)
 ParOldGen       total 48128K, used 15033K [0x0000000081200000, 0x0000000084100000, 0x00000000d5b80000)
  object space 48128K, 31% used [0x0000000081200000,0x00000000820ae438,0x0000000084100000)
 Metaspace       used 15505K, capacity 15682K, committed 16000K, reserved 1062912K
  class space    used 1461K, capacity 1537K, committed 1664K, reserved 1048576K
GC Heap History (10 events):
Event: 884.739 GC heap before
{Heap before GC invocations=5039 (full 6):
 PSYoungGen      total 102400K, used 102240K [0x00000000d5b80000, 0x00000000ebe00000, 0x0000000100000000)
  eden space 101376K, 100% used [0x00000000d5b80000,0x00000000dbe80000,0x00000000dbe80000)
  from space 1024K, 84% used [0x00000000ebd00000,0x00000000ebdd8000,0x00000000ebe00000)
  to   space 1536K, 0% used [0x00000000ebb00000,0x00000000ebb00000,0x00000000ebc80000)
 ParOldGen       total 48128K, used 14825K [0x0000000081200000, 0x0000000084100000, 0x00000000d5b80000)
  object space 48128K, 30% used [0x0000000081200000,0x000000008207a438,0x0000000084100000)
 Metaspace       used 15505K, capacity 15682K, committed 16000K, reserved 1062912K
  class space    used 1461K, capacity 1537K, committed 1664K, reserved 1048576K
Event: 884.744 GC heap after
Heap after GC invocations=5039 (full 6):
 PSYoungGen      total 98816K, used 800K [0x00000000d5b80000, 0x00000000ebd80000, 0x0000000100000000)
  eden space 97792K, 0% used [0x00000000d5b80000,0x00000000d5b80000,0x00000000dbb00000)
  from space 1024K, 78% used [0x00000000ebb00000,0x00000000ebbc8000,0x00000000ebc00000)
  to   space 1536K, 0% used [0x00000000ebc00000,0x00000000ebc00000,0x00000000ebd80000)
 ParOldGen       total 48128K, used 14865K [0x0000000081200000, 0x0000000084100000, 0x00000000d5b80000)
  object space 48128K, 30% used [0x0000000081200000,0x0000000082084438,0x0000000084100000)
 Metaspace       used 15505K, capacity 15682K, committed 16000K, reserved 1062912K
  class space    used 1461K, capacity 1537K, committed 1664K, reserved 1048576K
}
Event: 885.281 GC heap before
{Heap before GC invocations=5040 (full 6):
 PSYoungGen      total 98816K, used 98592K [0x00000000d5b80000, 0x00000000ebd80000, 0x0000000100000000)
  eden space 97792K, 100% used [0x00000000d5b80000,0x00000000dbb00000,0x00000000dbb00000)
  from space 1024K, 78% used [0x00000000ebb00000,0x00000000ebbc8000,0x00000000ebc00000)
  to   space 1536K, 0% used [0x00000000ebc00000,0x00000000ebc00000,0x00000000ebd80000)
 ParOldGen       total 48128K, used 14865K [0x0000000081200000, 0x0000000084100000, 0x00000000d5b80000)
  object space 48128K, 30% used [0x0000000081200000,0x0000000082084438,0x0000000084100000)
 Metaspace       used 15505K, capacity 15682K, committed 16000K, reserved 1062912K
  class space    used 1461K, capacity 1537K, committed 1664K, reserved 1048576K
Event: 885.284 GC heap after
Heap after GC invocations=5040 (full 6):
 PSYoungGen      total 95232K, used 768K [0x00000000d5b80000, 0x00000000ebd00000, 0x0000000100000000)
  eden space 94208K, 0% used [0x00000000d5b80000,0x00000000d5b80000,0x00000000db780000)
  from space 1024K, 75% used [0x00000000ebc00000,0x00000000ebcc0000,0x00000000ebd00000)
  to   space 1536K, 0% used [0x00000000eba00000,0x00000000eba00000,0x00000000ebb80000)
 ParOldGen       total 48128K, used 14905K [0x0000000081200000, 0x0000000084100000, 0x00000000d5b80000)
  object space 48128K, 30% used [0x0000000081200000,0x000000008208e438,0x0000000084100000)
 Metaspace       used 15505K, capacity 15682K, committed 16000K, reserved 1062912K
  class space    used 1461K, capacity 1537K, committed 1664K, reserved 1048576K
}
Event: 885.747 GC heap before
{Heap before GC invocations=5041 (full 6):
 PSYoungGen      total 95232K, used 94504K [0x00000000d5b80000, 0x00000000ebd00000, 0x0000000100000000)
  eden space 94208K, 99% used [0x00000000d5b80000,0x00000000db70a0d8,0x00000000db780000)
  from space 1024K, 75% used [0x00000000ebc00000,0x00000000ebcc0000,0x00000000ebd00000)
  to   space 1536K, 0% used [0x00000000eba00000,0x00000000eba00000,0x00000000ebb80000)
 ParOldGen       total 48128K, used 14905K [0x0000000081200000, 0x0000000084100000, 0x00000000d5b80000)
  object space 48128K, 30% used [0x0000000081200000,0x000000008208e438,0x0000000084100000)
 Metaspace       used 15505K, capacity 15682K, committed 16000K, reserved 1062912K
  class space    used 1461K, capacity 1537K, committed 1664K, reserved 1048576K
Event: 885.750 GC heap after
Heap after GC invocations=5041 (full 6):
 PSYoungGen      total 92160K, used 800K [0x00000000d5b80000, 0x00000000ebc80000, 0x0000000100000000)
  eden space 91136K, 0% used [0x00000000d5b80000,0x00000000d5b80000,0x00000000db480000)
  from space 1024K, 78% used [0x00000000eba00000,0x00000000ebac8000,0x00000000ebb00000)
  to   space 1536K, 0% used [0x00000000ebb00000,0x00000000ebb00000,0x00000000ebc80000)
 ParOldGen       total 48128K, used 14953K [0x0000000081200000, 0x0000000084100000, 0x00000000d5b80000)
  object space 48128K, 31% used [0x0000000081200000,0x000000008209a438,0x0000000084100000)
 Metaspace       used 15505K, capacity 15682K, committed 16000K, reserved 1062912K
  class space    used 1461K, capacity 1537K, committed 1664K, reserved 1048576K
}
Event: 886.248 GC heap before
{Heap before GC invocations=5042 (full 6):
 PSYoungGen      total 92160K, used 91936K [0x00000000d5b80000, 0x00000000ebc80000, 0x0000000100000000)
  eden space 91136K, 100% used [0x00000000d5b80000,0x00000000db480000,0x00000000db480000)
  from space 1024K, 78% used [0x00000000eba00000,0x00000000ebac8000,0x00000000ebb00000)
  to   space 1536K, 0% used [0x00000000ebb00000,0x00000000ebb00000,0x00000000ebc80000)
 ParOldGen       total 48128K, used 14953K [0x0000000081200000, 0x0000000084100000, 0x00000000d5b80000)
  object space 48128K, 31% used [0x0000000081200000,0x000000008209a438,0x0000000084100000)
 Metaspace       used 15505K, capacity 15682K, committed 16000K, reserved 1062912K
  class space    used 1461K, capacity 1537K, committed 1664K, reserved 1048576K
Event: 886.250 GC heap after
Heap after GC invocations=5042 (full 6):
 PSYoungGen      total 89088K, used 736K [0x00000000d5b80000, 0x00000000ebc00000, 0x0000000100000000)
  eden space 88064K, 0% used [0x00000000d5b80000,0x00000000d5b80000,0x00000000db180000)
  from space 1024K, 71% used [0x00000000ebb00000,0x00000000ebbb8000,0x00000000ebc00000)
  to   space 1536K, 0% used [0x00000000eb900000,0x00000000eb900000,0x00000000eba80000)
 ParOldGen       total 48128K, used 15001K [0x0000000081200000, 0x0000000084100000, 0x00000000d5b80000)
  object space 48128K, 31% used [0x0000000081200000,0x00000000820a6438,0x0000000084100000)
 Metaspace       used 15505K, capacity 15682K, committed 16000K, reserved 1062912K
  class space    used 1461K, capacity 1537K, committed 1664K, reserved 1048576K
}
Event: 886.717 GC heap before
{Heap before GC invocations=5043 (full 6):
 PSYoungGen      total 89088K, used 88800K [0x00000000d5b80000, 0x00000000ebc00000, 0x0000000100000000)
  eden space 88064K, 100% used [0x00000000d5b80000,0x00000000db180000,0x00000000db180000)
  from space 1024K, 71% used [0x00000000ebb00000,0x00000000ebbb8000,0x00000000ebc00000)
  to   space 1536K, 0% used [0x00000000eb900000,0x00000000eb900000,0x00000000eba80000)
 ParOldGen       total 48128K, used 15001K [0x0000000081200000, 0x0000000084100000, 0x00000000d5b80000)
  object space 48128K, 31% used [0x0000000081200000,0x00000000820a6438,0x0000000084100000)
 Metaspace       used 15505K, capacity 15682K, committed 16000K, reserved 1062912K
  class space    used 1461K, capacity 1537K, committed 1664K, reserved 1048576K
Event: 886.725 GC heap after
Heap after GC invocations=5043 (full 6):
 PSYoungGen      total 86016K, used 736K [0x00000000d5b80000, 0x00000000ebb80000, 0x0000000100000000)
  eden space 84992K, 0% used [0x00000000d5b80000,0x00000000d5b80000,0x00000000dae80000)
  from space 1024K, 71% used [0x00000000eb900000,0x00000000eb9b8000,0x00000000eba00000)
  to   space 1536K, 0% used [0x00000000eba00000,0x00000000eba00000,0x00000000ebb80000)
 ParOldGen       total 48128K, used 15033K [0x0000000081200000, 0x0000000084100000, 0x00000000d5b80000)
  object space 48128K, 31% used [0x0000000081200000,0x00000000820ae438,0x0000000084100000)
 Metaspace       used 15505K, capacity 15682K, committed 16000K, reserved 1062912K
  class space    used 1461K, capacity 1537K, committed 1664K, reserved 1048576K
}

