# JRE version: Java(TM) SE Runtime Environment (8.0_172-b11) (build 1.8.0_172-b11)
# Java VM: Java HotSpot(TM) 64-Bit Server VM (25.172-b11 mixed mode windows-amd64 compressed oops)
Heap:
 PSYoungGen      total 32768K, used 10853K [0x00000000d5b80000, 0x00000000ecb80000, 0x0000000100000000)
  eden space 32256K, 32% used [0x00000000d5b80000,0x00000000d65c9788,0x00000000d7b00000)
  from space 512K, 62% used [0x00000000ecb00000,0x00000000ecb50000,0x00000000ecb80000)
  to   space 512K, 0% used [0x00000000eca80000,0x00000000eca80000,0x00000000ecb00000)
 ParOldGen       total 44032K, used 40006K [0x0000000081200000, 0x0000000083d00000, 0x00000000d5b80000)
  object space 44032K, 90% used [0x0000000081200000,0x00000000839118d8,0x0000000083d00000)
 Metaspace       used 15462K, capacity 15682K, committed 16000K, reserved 1062912K
  class space    used 1461K, capacity 1537K, committed 1664K, reserved 1048576K
GC Heap History (10 events):
Event: 662.545 GC heap before
{Heap before GC invocations=3799 (full 3):
 PSYoungGen      total 35328K, used 35168K [0x00000000d5b80000, 0x00000000ecb80000, 0x0000000100000000)
  eden space 34816K, 100% used [0x00000000d5b80000,0x00000000d7d80000,0x00000000d7d80000)
  from space 512K, 68% used [0x00000000eca80000,0x00000000ecad8000,0x00000000ecb00000)
  to   space 512K, 0% used [0x00000000ecb00000,0x00000000ecb00000,0x00000000ecb80000)
 ParOldGen       total 44032K, used 39894K [0x0000000081200000, 0x0000000083d00000, 0x00000000d5b80000)
  object space 44032K, 90% used [0x0000000081200000,0x00000000838f58d8,0x0000000083d00000)
 Metaspace       used 15449K, capacity 15682K, committed 16000K, reserved 1062912K
  class space    used 1461K, capacity 1537K, committed 1664K, reserved 1048576K
Event: 662.547 GC heap after
Heap after GC invocations=3799 (full 3):
 PSYoungGen      total 34816K, used 352K [0x00000000d5b80000, 0x00000000ecb80000, 0x0000000100000000)
  eden space 34304K, 0% used [0x00000000d5b80000,0x00000000d5b80000,0x00000000d7d00000)
  from space 512K, 68% used [0x00000000ecb00000,0x00000000ecb58000,0x00000000ecb80000)
  to   space 512K, 0% used [0x00000000eca80000,0x00000000eca80000,0x00000000ecb00000)
 ParOldGen       total 44032K, used 39926K [0x0000000081200000, 0x0000000083d00000, 0x00000000d5b80000)
  object space 44032K, 90% used [0x0000000081200000,0x00000000838fd8d8,0x0000000083d00000)
 Metaspace       used 15449K, capacity 15682K, committed 16000K, reserved 1062912K
  class space    used 1461K, capacity 1537K, committed 1664K, reserved 1048576K
}
Event: 662.783 GC heap before
{Heap before GC invocations=3800 (full 3):
 PSYoungGen      total 34816K, used 34656K [0x00000000d5b80000, 0x00000000ecb80000, 0x0000000100000000)
  eden space 34304K, 100% used [0x00000000d5b80000,0x00000000d7d00000,0x00000000d7d00000)
  from space 512K, 68% used [0x00000000ecb00000,0x00000000ecb58000,0x00000000ecb80000)
  to   space 512K, 0% used [0x00000000eca80000,0x00000000eca80000,0x00000000ecb00000)
 ParOldGen       total 44032K, used 39926K [0x0000000081200000, 0x0000000083d00000, 0x00000000d5b80000)
  object space 44032K, 90% used [0x0000000081200000,0x00000000838fd8d8,0x0000000083d00000)
 Metaspace       used 15449K, capacity 15682K, committed 16000K, reserved 1062912K
  class space    used 1461K, capacity 1537K, committed 1664K, reserved 1048576K
Event: 662.785 GC heap after
Heap after GC invocations=3800 (full 3):
 PSYoungGen      total 34304K, used 320K [0x00000000d5b80000, 0x00000000ecb80000, 0x0000000100000000)
  eden space 33792K, 0% used [0x00000000d5b80000,0x00000000d5b80000,0x00000000d7c80000)
  from space 512K, 62% used [0x00000000eca80000,0x00000000ecad0000,0x00000000ecb00000)
  to   space 512K, 0% used [0x00000000ecb00000,0x00000000ecb00000,0x00000000ecb80000)
 ParOldGen       total 44032K, used 39942K [0x0000000081200000, 0x0000000083d00000, 0x00000000d5b80000)
  object space 44032K, 90% used [0x0000000081200000,0x00000000839018d8,0x0000000083d00000)
 Metaspace       used 15449K, capacity 15682K, committed 16000K, reserved 1062912K
  class space    used 1461K, capacity 1537K, committed 1664K, reserved 1048576K
}
Event: 662.999 GC heap before
{Heap before GC invocations=3801 (full 3):
 PSYoungGen      total 34304K, used 34112K [0x00000000d5b80000, 0x00000000ecb80000, 0x0000000100000000)
  eden space 33792K, 100% used [0x00000000d5b80000,0x00000000d7c80000,0x00000000d7c80000)
  from space 512K, 62% used [0x00000000eca80000,0x00000000ecad0000,0x00000000ecb00000)
  to   space 512K, 0% used [0x00000000ecb00000,0x00000000ecb00000,0x00000000ecb80000)
 ParOldGen       total 44032K, used 39942K [0x0000000081200000, 0x0000000083d00000, 0x00000000d5b80000)
  object space 44032K, 90% used [0x0000000081200000,0x00000000839018d8,0x0000000083d00000)
 Metaspace       used 15449K, capacity 15682K, committed 16000K, reserved 1062912K
  class space    used 1461K, capacity 1537K, committed 1664K, reserved 1048576K
Event: 663.001 GC heap after
Heap after GC invocations=3801 (full 3):
 PSYoungGen      total 33792K, used 352K [0x00000000d5b80000, 0x00000000ecb80000, 0x0000000100000000)
  eden space 33280K, 0% used [0x00000000d5b80000,0x00000000d5b80000,0x00000000d7c00000)
  from space 512K, 68% used [0x00000000ecb00000,0x00000000ecb58000,0x00000000ecb80000)
  to   space 512K, 0% used [0x00000000eca80000,0x00000000eca80000,0x00000000ecb00000)
 ParOldGen       total 44032K, used 39966K [0x0000000081200000, 0x0000000083d00000, 0x00000000d5b80000)
  object space 44032K, 90% used [0x0000000081200000,0x00000000839078d8,0x0000000083d00000)
 Metaspace       used 15449K, capacity 15682K, committed 16000K, reserved 1062912K
  class space    used 1461K, capacity 1537K, committed 1664K, reserved 1048576K
}
Event: 663.243 GC heap before
{Heap before GC invocations=3802 (full 3):
 PSYoungGen      total 33792K, used 33632K [0x00000000d5b80000, 0x00000000ecb80000, 0x0000000100000000)
  eden space 33280K, 100% used [0x00000000d5b80000,0x00000000d7c00000,0x00000000d7c00000)
  from space 512K, 68% used [0x00000000ecb00000,0x00000000ecb58000,0x00000000ecb80000)
  to   space 512K, 0% used [0x00000000eca80000,0x00000000eca80000,0x00000000ecb00000)
 ParOldGen       total 44032K, used 39966K [0x0000000081200000, 0x0000000083d00000, 0x00000000d5b80000)
  object space 44032K, 90% used [0x0000000081200000,0x00000000839078d8,0x0000000083d00000)
 Metaspace       used 15449K, capacity 15682K, committed 16000K, reserved 1062912K
  class space    used 1461K, capacity 1537K, committed 1664K, reserved 1048576K
Event: 663.245 GC heap after
Heap after GC invocations=3802 (full 3):
 PSYoungGen      total 33280K, used 320K [0x00000000d5b80000, 0x00000000ecb80000, 0x0000000100000000)
  eden space 32768K, 0% used [0x00000000d5b80000,0x00000000d5b80000,0x00000000d7b80000)
  from space 512K, 62% used [0x00000000eca80000,0x00000000ecad0000,0x00000000ecb00000)
  to   space 512K, 0% used [0x00000000ecb00000,0x00000000ecb00000,0x00000000ecb80000)
 ParOldGen       total 44032K, used 39982K [0x0000000081200000, 0x0000000083d00000, 0x00000000d5b80000)
  object space 44032K, 90% used [0x0000000081200000,0x000000008390b8d8,0x0000000083d00000)
 Metaspace       used 15449K, capacity 15682K, committed 16000K, reserved 1062912K
  class space    used 1461K, capacity 1537K, committed 1664K, reserved 1048576K
}
Event: 663.481 GC heap before
{Heap before GC invocations=3803 (full 3):
 PSYoungGen      total 33280K, used 33088K [0x00000000d5b80000, 0x00000000ecb80000, 0x0000000100000000)
  eden space 32768K, 100% used [0x00000000d5b80000,0x00000000d7b80000,0x00000000d7b80000)
  from space 512K, 62% used [0x00000000eca80000,0x00000000ecad0000,0x00000000ecb00000)
  to   space 512K, 0% used [0x00000000ecb00000,0x00000000ecb00000,0x00000000ecb80000)
 ParOldGen       total 44032K, used 39982K [0x0000000081200000, 0x0000000083d00000, 0x00000000d5b80000)
  object space 44032K, 90% used [0x0000000081200000,0x000000008390b8d8,0x0000000083d00000)
 Metaspace       used 15449K, capacity 15682K, committed 16000K, reserved 1062912K
  class space    used 1461K, capacity 1537K, committed 1664K, reserved 1048576K
Event: 663.482 GC heap after
Heap after GC invocations=3803 (full 3):
 PSYoungGen      total 32768K, used 320K [0x00000000d5b80000, 0x00000000ecb80000, 0x0000000100000000)
  eden space 32256K, 0% used [0x00000000d5b80000,0x00000000d5b80000,0x00000000d7b00000)
  from space 512K, 62% used [0x00000000ecb00000,0x00000000ecb50000,0x00000000ecb80000)
  to   space 512K, 0% used [0x00000000eca80000,0x00000000eca80000,0x00000000ecb00000)
 ParOldGen       total 44032K, used 40006K [0x0000000081200000, 0x0000000083d00000, 0x00000000d5b80000)
  object space 44032K, 90% used [0x0000000081200000,0x00000000839118d8,0x0000000083d00000)
 Metaspace       used 15449K, capacity 15682K, committed 16000K, reserved 1062912K
  class space    used 1461K, capacity 1537K, committed 1664K, reserved 1048576K
}

