# JRE version: Java(TM) SE Runtime Environment (8.0_172-b11) (build 1.8.0_172-b11)
# Java VM: Java HotSpot(TM) 64-Bit Server VM (25.172-b11 mixed mode windows-amd64 compressed oops)
Heap:
 PSYoungGen      total 683520K, used 555659K [0x00000000d5b80000, 0x0000000100000000, 0x0000000100000000)
  eden space 674304K, 81% used [0x00000000d5b80000,0x00000000f713afc0,0x00000000fee00000)
  from space 9216K, 98% used [0x00000000fee00000,0x00000000ff6e8010,0x00000000ff700000)
  to   space 9216K, 0% used [0x00000000ff700000,0x00000000ff700000,0x0000000100000000)
 ParOldGen       total 87552K, used 11889K [0x0000000081200000, 0x0000000086780000, 0x00000000d5b80000)
  object space 87552K, 13% used [0x0000000081200000,0x0000000081d9c4e8,0x0000000086780000)
 Metaspace       used 15070K, capacity 15246K, committed 15488K, reserved 1062912K
  class space    used 1457K, capacity 1537K, committed 1664K, reserved 1048576K
GC Heap History (10 events):
Event: 4.657 GC heap before
{Heap before GC invocations=9 (full 0):
 PSYoungGen      total 275968K, used 271264K [0x00000000d5b80000, 0x00000000e7280000, 0x0000000100000000)
  eden space 266240K, 100% used [0x00000000d5b80000,0x00000000e5f80000,0x00000000e5f80000)
  from space 9728K, 51% used [0x00000000e6900000,0x00000000e6de8000,0x00000000e7280000)
  to   space 9728K, 0% used [0x00000000e5f80000,0x00000000e5f80000,0x00000000e6900000)
 ParOldGen       total 87552K, used 8076K [0x0000000081200000, 0x0000000086780000, 0x00000000d5b80000)
  object space 87552K, 9% used [0x0000000081200000,0x00000000819e31a8,0x0000000086780000)
 Metaspace       used 14948K, capacity 15118K, committed 15488K, reserved 1062912K
  class space    used 1457K, capacity 1537K, committed 1664K, reserved 1048576K
Event: 4.670 GC heap after
Heap after GC invocations=9 (full 0):
 PSYoungGen      total 275968K, used 4224K [0x00000000d5b80000, 0x00000000f0d80000, 0x0000000100000000)
  eden space 266240K, 0% used [0x00000000d5b80000,0x00000000d5b80000,0x00000000e5f80000)
  from space 9728K, 43% used [0x00000000e5f80000,0x00000000e63a0000,0x00000000e6900000)
  to   space 9216K, 0% used [0x00000000f0480000,0x00000000f0480000,0x00000000f0d80000)
 ParOldGen       total 87552K, used 10592K [0x0000000081200000, 0x0000000086780000, 0x00000000d5b80000)
  object space 87552K, 12% used [0x0000000081200000,0x0000000081c58038,0x0000000086780000)
 Metaspace       used 14948K, capacity 15118K, committed 15488K, reserved 1062912K
  class space    used 1457K, capacity 1537K, committed 1664K, reserved 1048576K
}
Event: 5.645 GC heap before
{Heap before GC invocations=10 (full 0):
 PSYoungGen      total 275968K, used 270464K [0x00000000d5b80000, 0x00000000f0d80000, 0x0000000100000000)
  eden space 266240K, 100% used [0x00000000d5b80000,0x00000000e5f80000,0x00000000e5f80000)
  from space 9728K, 43% used [0x00000000e5f80000,0x00000000e63a0000,0x00000000e6900000)
  to   space 9216K, 0% used [0x00000000f0480000,0x00000000f0480000,0x00000000f0d80000)
 ParOldGen       total 87552K, used 10592K [0x0000000081200000, 0x0000000086780000, 0x00000000d5b80000)
  object space 87552K, 12% used [0x0000000081200000,0x0000000081c58038,0x0000000086780000)
 Metaspace       used 14982K, capacity 15182K, committed 15488K, reserved 1062912K
  class space    used 1457K, capacity 1537K, committed 1664K, reserved 1048576K
Event: 5.658 GC heap after
Heap after GC invocations=10 (full 0):
 PSYoungGen      total 435200K, used 3552K [0x00000000d5b80000, 0x00000000f0d80000, 0x0000000100000000)
  eden space 425984K, 0% used [0x00000000d5b80000,0x00000000d5b80000,0x00000000efb80000)
  from space 9216K, 38% used [0x00000000f0480000,0x00000000f07f8000,0x00000000f0d80000)
  to   space 9216K, 0% used [0x00000000efb80000,0x00000000efb80000,0x00000000f0480000)
 ParOldGen       total 87552K, used 11305K [0x0000000081200000, 0x0000000086780000, 0x00000000d5b80000)
  object space 87552K, 12% used [0x0000000081200000,0x0000000081d0a4d8,0x0000000086780000)
 Metaspace       used 14982K, capacity 15182K, committed 15488K, reserved 1062912K
  class space    used 1457K, capacity 1537K, committed 1664K, reserved 1048576K
}
Event: 7.247 GC heap before
{Heap before GC invocations=11 (full 0):
 PSYoungGen      total 435200K, used 429536K [0x00000000d5b80000, 0x00000000f0d80000, 0x0000000100000000)
  eden space 425984K, 100% used [0x00000000d5b80000,0x00000000efb80000,0x00000000efb80000)
  from space 9216K, 38% used [0x00000000f0480000,0x00000000f07f8000,0x00000000f0d80000)
  to   space 9216K, 0% used [0x00000000efb80000,0x00000000efb80000,0x00000000f0480000)
 ParOldGen       total 87552K, used 11305K [0x0000000081200000, 0x0000000086780000, 0x00000000d5b80000)
  object space 87552K, 12% used [0x0000000081200000,0x0000000081d0a4d8,0x0000000086780000)
 Metaspace       used 14983K, capacity 15182K, committed 15488K, reserved 1062912K
  class space    used 1457K, capacity 1537K, committed 1664K, reserved 1048576K
Event: 7.266 GC heap after
Heap after GC invocations=11 (full 0):
 PSYoungGen      total 435200K, used 5792K [0x00000000d5b80000, 0x0000000100000000, 0x0000000100000000)
  eden space 425984K, 0% used [0x00000000d5b80000,0x00000000d5b80000,0x00000000efb80000)
  from space 9216K, 62% used [0x00000000efb80000,0x00000000f0128000,0x00000000f0480000)
  to   space 9216K, 0% used [0x00000000ff700000,0x00000000ff700000,0x0000000100000000)
 ParOldGen       total 87552K, used 11385K [0x0000000081200000, 0x0000000086780000, 0x00000000d5b80000)
  object space 87552K, 13% used [0x0000000081200000,0x0000000081d1e4d8,0x0000000086780000)
 Metaspace       used 14983K, capacity 15182K, committed 15488K, reserved 1062912K
  class space    used 1457K, capacity 1537K, committed 1664K, reserved 1048576K
}
Event: 8.908 GC heap before
{Heap before GC invocations=12 (full 0):
 PSYoungGen      total 435200K, used 431776K [0x00000000d5b80000, 0x0000000100000000, 0x0000000100000000)
  eden space 425984K, 100% used [0x00000000d5b80000,0x00000000efb80000,0x00000000efb80000)
  from space 9216K, 62% used [0x00000000efb80000,0x00000000f0128000,0x00000000f0480000)
  to   space 9216K, 0% used [0x00000000ff700000,0x00000000ff700000,0x0000000100000000)
 ParOldGen       total 87552K, used 11385K [0x0000000081200000, 0x0000000086780000, 0x00000000d5b80000)
  object space 87552K, 13% used [0x0000000081200000,0x0000000081d1e4d8,0x0000000086780000)
 Metaspace       used 15027K, capacity 15182K, committed 15488K, reserved 1062912K
  class space    used 1457K, capacity 1537K, committed 1664K, reserved 1048576K
Event: 8.930 GC heap after
Heap after GC invocations=12 (full 0):
 PSYoungGen      total 683520K, used 5888K [0x00000000d5b80000, 0x0000000100000000, 0x0000000100000000)
  eden space 674304K, 0% used [0x00000000d5b80000,0x00000000d5b80000,0x00000000fee00000)
  from space 9216K, 63% used [0x00000000ff700000,0x00000000ffcc0000,0x0000000100000000)
  to   space 9216K, 0% used [0x00000000fee00000,0x00000000fee00000,0x00000000ff700000)
 ParOldGen       total 87552K, used 11657K [0x0000000081200000, 0x0000000086780000, 0x00000000d5b80000)
  object space 87552K, 13% used [0x0000000081200000,0x0000000081d624e8,0x0000000086780000)
 Metaspace       used 15027K, capacity 15182K, committed 15488K, reserved 1062912K
  class space    used 1457K, capacity 1537K, committed 1664K, reserved 1048576K
}
Event: 11.549 GC heap before
{Heap before GC invocations=13 (full 0):
 PSYoungGen      total 683520K, used 680192K [0x00000000d5b80000, 0x0000000100000000, 0x0000000100000000)
  eden space 674304K, 100% used [0x00000000d5b80000,0x00000000fee00000,0x00000000fee00000)
  from space 9216K, 63% used [0x00000000ff700000,0x00000000ffcc0000,0x0000000100000000)
  to   space 9216K, 0% used [0x00000000fee00000,0x00000000fee00000,0x00000000ff700000)
 ParOldGen       total 87552K, used 11657K [0x0000000081200000, 0x0000000086780000, 0x00000000d5b80000)
  object space 87552K, 13% used [0x0000000081200000,0x0000000081d624e8,0x0000000086780000)
 Metaspace       used 15056K, capacity 15246K, committed 15488K, reserved 1062912K
  class space    used 1457K, capacity 1537K, committed 1664K, reserved 1048576K
Event: 11.582 GC heap after
Heap after GC invocations=13 (full 0):
 PSYoungGen      total 683520K, used 9120K [0x00000000d5b80000, 0x0000000100000000, 0x0000000100000000)
  eden space 674304K, 0% used [0x00000000d5b80000,0x00000000d5b80000,0x00000000fee00000)
  from space 9216K, 98% used [0x00000000fee00000,0x00000000ff6e8010,0x00000000ff700000)
  to   space 9216K, 0% used [0x00000000ff700000,0x00000000ff700000,0x0000000100000000)
 ParOldGen       total 87552K, used 11889K [0x0000000081200000, 0x0000000086780000, 0x00000000d5b80000)
  object space 87552K, 13% used [0x0000000081200000,0x0000000081d9c4e8,0x0000000086780000)
 Metaspace       used 15056K, capacity 15246K, committed 15488K, reserved 1062912K
  class space    used 1457K, capacity 1537K, committed 1664K, reserved 1048576K
}

