# JRE version: Java(TM) SE Runtime Environment (8.0_172-b11) (build 1.8.0_172-b11)
# Java VM: Java HotSpot(TM) 64-Bit Server VM (25.172-b11 mixed mode windows-amd64 compressed oops)
Heap:
 PSYoungGen      total 30720K, used 8247K [0x00000000d5b80000, 0x00000000d9480000, 0x0000000100000000)
  eden space 29696K, 25% used [0x00000000d5b80000,0x00000000d62ddd60,0x00000000d7880000)
  from space 1024K, 68% used [0x00000000d8780000,0x00000000d8830000,0x00000000d8880000)
  to   space 7168K, 0% used [0x00000000d8d80000,0x00000000d8d80000,0x00000000d9480000)
 ParOldGen       total 87552K, used 27578K [0x0000000081200000, 0x0000000086780000, 0x00000000d5b80000)
  object space 87552K, 31% used [0x0000000081200000,0x0000000082ceeaf8,0x0000000086780000)
 Metaspace       used 14782K, capacity 14990K, committed 15232K, reserved 1062912K
  class space    used 1443K, capacity 1537K, committed 1664K, reserved 1048576K
GC Heap History (10 events):
Event: 182.775 GC heap before
{Heap before GC invocations=7 (full 0):
 PSYoungGen      total 33280K, used 33248K [0x00000000d5b80000, 0x00000000da200000, 0x0000000100000000)
  eden space 32256K, 100% used [0x00000000d5b80000,0x00000000d7b00000,0x00000000d7b00000)
  from space 1024K, 96% used [0x00000000da100000,0x00000000da1f8010,0x00000000da200000)
  to   space 7168K, 0% used [0x00000000d9400000,0x00000000d9400000,0x00000000d9b00000)
 ParOldGen       total 87552K, used 23006K [0x0000000081200000, 0x0000000086780000, 0x00000000d5b80000)
  object space 87552K, 26% used [0x0000000081200000,0x0000000082877b98,0x0000000086780000)
 Metaspace       used 14782K, capacity 14990K, committed 15232K, reserved 1062912K
  class space    used 1443K, capacity 1537K, committed 1664K, reserved 1048576K
Event: 182.778 GC heap after
Heap after GC invocations=7 (full 0):
 PSYoungGen      total 33280K, used 1344K [0x00000000d5b80000, 0x00000000da180000, 0x0000000100000000)
  eden space 31744K, 0% used [0x00000000d5b80000,0x00000000d5b80000,0x00000000d7a80000)
  from space 1536K, 87% used [0x00000000d9400000,0x00000000d9550010,0x00000000d9580000)
  to   space 7168K, 0% used [0x00000000d9a80000,0x00000000d9a80000,0x00000000da180000)
 ParOldGen       total 87552K, used 23452K [0x0000000081200000, 0x0000000086780000, 0x00000000d5b80000)
  object space 87552K, 26% used [0x0000000081200000,0x00000000828e7260,0x0000000086780000)
 Metaspace       used 14782K, capacity 14990K, committed 15232K, reserved 1062912K
  class space    used 1443K, capacity 1537K, committed 1664K, reserved 1048576K
}
Event: 230.420 GC heap before
{Heap before GC invocations=8 (full 0):
 PSYoungGen      total 33280K, used 33088K [0x00000000d5b80000, 0x00000000da180000, 0x0000000100000000)
  eden space 31744K, 100% used [0x00000000d5b80000,0x00000000d7a80000,0x00000000d7a80000)
  from space 1536K, 87% used [0x00000000d9400000,0x00000000d9550010,0x00000000d9580000)
  to   space 7168K, 0% used [0x00000000d9a80000,0x00000000d9a80000,0x00000000da180000)
 ParOldGen       total 87552K, used 23452K [0x0000000081200000, 0x0000000086780000, 0x00000000d5b80000)
  object space 87552K, 26% used [0x0000000081200000,0x00000000828e7260,0x0000000086780000)
 Metaspace       used 14782K, capacity 14990K, committed 15232K, reserved 1062912K
  class space    used 1443K, capacity 1537K, committed 1664K, reserved 1048576K
Event: 230.423 GC heap after
Heap after GC invocations=8 (full 0):
 PSYoungGen      total 33280K, used 2016K [0x00000000d5b80000, 0x00000000d9c80000, 0x0000000100000000)
  eden space 31232K, 0% used [0x00000000d5b80000,0x00000000d5b80000,0x00000000d7a00000)
  from space 2048K, 98% used [0x00000000d9a80000,0x00000000d9c78010,0x00000000d9c80000)
  to   space 7168K, 0% used [0x00000000d8e80000,0x00000000d8e80000,0x00000000d9580000)
 ParOldGen       total 87552K, used 23682K [0x0000000081200000, 0x0000000086780000, 0x00000000d5b80000)
  object space 87552K, 27% used [0x0000000081200000,0x0000000082920ad8,0x0000000086780000)
 Metaspace       used 14782K, capacity 14990K, committed 15232K, reserved 1062912K
  class space    used 1443K, capacity 1537K, committed 1664K, reserved 1048576K
}
Event: 282.961 GC heap before
{Heap before GC invocations=9 (full 0):
 PSYoungGen      total 33280K, used 33248K [0x00000000d5b80000, 0x00000000d9c80000, 0x0000000100000000)
  eden space 31232K, 100% used [0x00000000d5b80000,0x00000000d7a00000,0x00000000d7a00000)
  from space 2048K, 98% used [0x00000000d9a80000,0x00000000d9c78010,0x00000000d9c80000)
  to   space 7168K, 0% used [0x00000000d8e80000,0x00000000d8e80000,0x00000000d9580000)
 ParOldGen       total 87552K, used 23682K [0x0000000081200000, 0x0000000086780000, 0x00000000d5b80000)
  object space 87552K, 27% used [0x0000000081200000,0x0000000082920ad8,0x0000000086780000)
 Metaspace       used 14782K, capacity 14990K, committed 15232K, reserved 1062912K
  class space    used 1443K, capacity 1537K, committed 1664K, reserved 1048576K
Event: 282.965 GC heap after
Heap after GC invocations=9 (full 0):
 PSYoungGen      total 33792K, used 2656K [0x00000000d5b80000, 0x00000000d9b00000, 0x0000000100000000)
  eden space 30720K, 0% used [0x00000000d5b80000,0x00000000d5b80000,0x00000000d7980000)
  from space 3072K, 86% used [0x00000000d8e80000,0x00000000d9118010,0x00000000d9180000)
  to   space 7168K, 0% used [0x00000000d9400000,0x00000000d9400000,0x00000000d9b00000)
 ParOldGen       total 87552K, used 23770K [0x0000000081200000, 0x0000000086780000, 0x00000000d5b80000)
  object space 87552K, 27% used [0x0000000081200000,0x0000000082936ad8,0x0000000086780000)
 Metaspace       used 14782K, capacity 14990K, committed 15232K, reserved 1062912K
  class space    used 1443K, capacity 1537K, committed 1664K, reserved 1048576K
}
Event: 340.754 GC heap before
{Heap before GC invocations=10 (full 0):
 PSYoungGen      total 33792K, used 33376K [0x00000000d5b80000, 0x00000000d9b00000, 0x0000000100000000)
  eden space 30720K, 100% used [0x00000000d5b80000,0x00000000d7980000,0x00000000d7980000)
  from space 3072K, 86% used [0x00000000d8e80000,0x00000000d9118010,0x00000000d9180000)
  to   space 7168K, 0% used [0x00000000d9400000,0x00000000d9400000,0x00000000d9b00000)
 ParOldGen       total 87552K, used 23770K [0x0000000081200000, 0x0000000086780000, 0x00000000d5b80000)
  object space 87552K, 27% used [0x0000000081200000,0x0000000082936ad8,0x0000000086780000)
 Metaspace       used 14782K, capacity 14990K, committed 15232K, reserved 1062912K
  class space    used 1443K, capacity 1537K, committed 1664K, reserved 1048576K
Event: 340.759 GC heap after
Heap after GC invocations=10 (full 0):
 PSYoungGen      total 31744K, used 1408K [0x00000000d5b80000, 0x00000000d9580000, 0x0000000100000000)
  eden space 30208K, 0% used [0x00000000d5b80000,0x00000000d5b80000,0x00000000d7900000)
  from space 1536K, 91% used [0x00000000d9400000,0x00000000d9560000,0x00000000d9580000)
  to   space 7168K, 0% used [0x00000000d8780000,0x00000000d8780000,0x00000000d8e80000)
 ParOldGen       total 87552K, used 26210K [0x0000000081200000, 0x0000000086780000, 0x00000000d5b80000)
  object space 87552K, 29% used [0x0000000081200000,0x0000000082b98af8,0x0000000086780000)
 Metaspace       used 14782K, capacity 14990K, committed 15232K, reserved 1062912K
  class space    used 1443K, capacity 1537K, committed 1664K, reserved 1048576K
}
Event: 389.587 GC heap before
{Heap before GC invocations=11 (full 0):
 PSYoungGen      total 31744K, used 31616K [0x00000000d5b80000, 0x00000000d9580000, 0x0000000100000000)
  eden space 30208K, 100% used [0x00000000d5b80000,0x00000000d7900000,0x00000000d7900000)
  from space 1536K, 91% used [0x00000000d9400000,0x00000000d9560000,0x00000000d9580000)
  to   space 7168K, 0% used [0x00000000d8780000,0x00000000d8780000,0x00000000d8e80000)
 ParOldGen       total 87552K, used 26210K [0x0000000081200000, 0x0000000086780000, 0x00000000d5b80000)
  object space 87552K, 29% used [0x0000000081200000,0x0000000082b98af8,0x0000000086780000)
 Metaspace       used 14782K, capacity 14990K, committed 15232K, reserved 1062912K
  class space    used 1443K, capacity 1537K, committed 1664K, reserved 1048576K
Event: 389.594 GC heap after
Heap after GC invocations=11 (full 0):
 PSYoungGen      total 30720K, used 704K [0x00000000d5b80000, 0x00000000d9480000, 0x0000000100000000)
  eden space 29696K, 0% used [0x00000000d5b80000,0x00000000d5b80000,0x00000000d7880000)
  from space 1024K, 68% used [0x00000000d8780000,0x00000000d8830000,0x00000000d8880000)
  to   space 7168K, 0% used [0x00000000d8d80000,0x00000000d8d80000,0x00000000d9480000)
 ParOldGen       total 87552K, used 27578K [0x0000000081200000, 0x0000000086780000, 0x00000000d5b80000)
  object space 87552K, 31% used [0x0000000081200000,0x0000000082ceeaf8,0x0000000086780000)
 Metaspace       used 14782K, capacity 14990K, committed 15232K, reserved 1062912K
  class space    used 1443K, capacity 1537K, committed 1664K, reserved 1048576K
}

