# JRE version: Java(TM) SE Runtime Environment (8.0_172-b11) (build 1.8.0_172-b11)
# Java VM: Java HotSpot(TM) 64-Bit Server VM (25.172-b11 mixed mode windows-amd64 compressed oops)
Heap:
 PSYoungGen      total 260608K, used 101186K [0x00000000d5b80000, 0x00000000f6800000, 0x0000000100000000)
  eden space 256512K, 38% used [0x00000000d5b80000,0x00000000dbab0ba8,0x00000000e5600000)
  from space 4096K, 90% used [0x00000000f6400000,0x00000000f67a0000,0x00000000f6800000)
  to   space 9728K, 0% used [0x00000000f5500000,0x00000000f5500000,0x00000000f5e80000)
 ParOldGen       total 87552K, used 60245K [0x0000000081200000, 0x0000000086780000, 0x00000000d5b80000)
  object space 87552K, 68% used [0x0000000081200000,0x0000000084cd5548,0x0000000086780000)
 Metaspace       used 15063K, capacity 15246K, committed 15488K, reserved 1062912K
  class space    used 1457K, capacity 1537K, committed 1664K, reserved 1048576K
GC Heap History (10 events):
Event: 193.524 GC heap before
{Heap before GC invocations=82 (full 0):
 PSYoungGen      total 326144K, used 326144K [0x00000000d5b80000, 0x00000000f7f80000, 0x0000000100000000)
  eden space 321536K, 100% used [0x00000000d5b80000,0x00000000e9580000,0x00000000e9580000)
  from space 4608K, 100% used [0x00000000f7100000,0x00000000f7580000,0x00000000f7580000)
  to   space 9728K, 0% used [0x00000000f7600000,0x00000000f7600000,0x00000000f7f80000)
 ParOldGen       total 87552K, used 59445K [0x0000000081200000, 0x0000000086780000, 0x00000000d5b80000)
  object space 87552K, 67% used [0x0000000081200000,0x0000000084c0d548,0x0000000086780000)
 Metaspace       used 15063K, capacity 15246K, committed 15488K, reserved 1062912K
  class space    used 1457K, capacity 1537K, committed 1664K, reserved 1048576K
Event: 193.538 GC heap after
Heap after GC invocations=82 (full 0):
 PSYoungGen      total 311808K, used 4384K [0x00000000d5b80000, 0x00000000f7a80000, 0x0000000100000000)
  eden space 307200K, 0% used [0x00000000d5b80000,0x00000000d5b80000,0x00000000e8780000)
  from space 4608K, 95% used [0x00000000f7600000,0x00000000f7a48000,0x00000000f7a80000)
  to   space 9728K, 0% used [0x00000000f6780000,0x00000000f6780000,0x00000000f7100000)
 ParOldGen       total 87552K, used 59621K [0x0000000081200000, 0x0000000086780000, 0x00000000d5b80000)
  object space 87552K, 68% used [0x0000000081200000,0x0000000084c39548,0x0000000086780000)
 Metaspace       used 15063K, capacity 15246K, committed 15488K, reserved 1062912K
  class space    used 1457K, capacity 1537K, committed 1664K, reserved 1048576K
}
Event: 195.303 GC heap before
{Heap before GC invocations=83 (full 0):
 PSYoungGen      total 311808K, used 311584K [0x00000000d5b80000, 0x00000000f7a80000, 0x0000000100000000)
  eden space 307200K, 100% used [0x00000000d5b80000,0x00000000e8780000,0x00000000e8780000)
  from space 4608K, 95% used [0x00000000f7600000,0x00000000f7a48000,0x00000000f7a80000)
  to   space 9728K, 0% used [0x00000000f6780000,0x00000000f6780000,0x00000000f7100000)
 ParOldGen       total 87552K, used 59621K [0x0000000081200000, 0x0000000086780000, 0x00000000d5b80000)
  object space 87552K, 68% used [0x0000000081200000,0x0000000084c39548,0x0000000086780000)
 Metaspace       used 15063K, capacity 15246K, committed 15488K, reserved 1062912K
  class space    used 1457K, capacity 1537K, committed 1664K, reserved 1048576K
Event: 195.328 GC heap after
Heap after GC invocations=83 (full 0):
 PSYoungGen      total 297984K, used 4192K [0x00000000d5b80000, 0x00000000f7680000, 0x0000000100000000)
  eden space 293376K, 0% used [0x00000000d5b80000,0x00000000d5b80000,0x00000000e7a00000)
  from space 4608K, 90% used [0x00000000f6780000,0x00000000f6b98000,0x00000000f6c00000)
  to   space 9728K, 0% used [0x00000000f6d00000,0x00000000f6d00000,0x00000000f7680000)
 ParOldGen       total 87552K, used 59781K [0x0000000081200000, 0x0000000086780000, 0x00000000d5b80000)
  object space 87552K, 68% used [0x0000000081200000,0x0000000084c61548,0x0000000086780000)
 Metaspace       used 15063K, capacity 15246K, committed 15488K, reserved 1062912K
  class space    used 1457K, capacity 1537K, committed 1664K, reserved 1048576K
}
Event: 197.066 GC heap before
{Heap before GC invocations=84 (full 0):
 PSYoungGen      total 297984K, used 297568K [0x00000000d5b80000, 0x00000000f7680000, 0x0000000100000000)
  eden space 293376K, 100% used [0x00000000d5b80000,0x00000000e7a00000,0x00000000e7a00000)
  from space 4608K, 90% used [0x00000000f6780000,0x00000000f6b98000,0x00000000f6c00000)
  to   space 9728K, 0% used [0x00000000f6d00000,0x00000000f6d00000,0x00000000f7680000)
 ParOldGen       total 87552K, used 59781K [0x0000000081200000, 0x0000000086780000, 0x00000000d5b80000)
  object space 87552K, 68% used [0x0000000081200000,0x0000000084c61548,0x0000000086780000)
 Metaspace       used 15063K, capacity 15246K, committed 15488K, reserved 1062912K
  class space    used 1457K, capacity 1537K, committed 1664K, reserved 1048576K
Event: 197.079 GC heap after
Heap after GC invocations=84 (full 0):
 PSYoungGen      total 284672K, used 4032K [0x00000000d5b80000, 0x00000000f7100000, 0x0000000100000000)
  eden space 280576K, 0% used [0x00000000d5b80000,0x00000000d5b80000,0x00000000e6d80000)
  from space 4096K, 98% used [0x00000000f6d00000,0x00000000f70f0000,0x00000000f7100000)
  to   space 9728K, 0% used [0x00000000f5e00000,0x00000000f5e00000,0x00000000f6780000)
 ParOldGen       total 87552K, used 59941K [0x0000000081200000, 0x0000000086780000, 0x00000000d5b80000)
  object space 87552K, 68% used [0x0000000081200000,0x0000000084c89548,0x0000000086780000)
 Metaspace       used 15063K, capacity 15246K, committed 15488K, reserved 1062912K
  class space    used 1457K, capacity 1537K, committed 1664K, reserved 1048576K
}
Event: 198.775 GC heap before
{Heap before GC invocations=85 (full 0):
 PSYoungGen      total 284672K, used 284608K [0x00000000d5b80000, 0x00000000f7100000, 0x0000000100000000)
  eden space 280576K, 100% used [0x00000000d5b80000,0x00000000e6d80000,0x00000000e6d80000)
  from space 4096K, 98% used [0x00000000f6d00000,0x00000000f70f0000,0x00000000f7100000)
  to   space 9728K, 0% used [0x00000000f5e00000,0x00000000f5e00000,0x00000000f6780000)
 ParOldGen       total 87552K, used 59941K [0x0000000081200000, 0x0000000086780000, 0x00000000d5b80000)
  object space 87552K, 68% used [0x0000000081200000,0x0000000084c89548,0x0000000086780000)
 Metaspace       used 15063K, capacity 15246K, committed 15488K, reserved 1062912K
  class space    used 1457K, capacity 1537K, committed 1664K, reserved 1048576K
Event: 198.786 GC heap after
Heap after GC invocations=85 (full 0):
 PSYoungGen      total 272384K, used 3808K [0x00000000d5b80000, 0x00000000f6d80000, 0x0000000100000000)
  eden space 268288K, 0% used [0x00000000d5b80000,0x00000000d5b80000,0x00000000e6180000)
  from space 4096K, 92% used [0x00000000f5e00000,0x00000000f61b8000,0x00000000f6200000)
  to   space 9728K, 0% used [0x00000000f6400000,0x00000000f6400000,0x00000000f6d80000)
 ParOldGen       total 87552K, used 60109K [0x0000000081200000, 0x0000000086780000, 0x00000000d5b80000)
  object space 87552K, 68% used [0x0000000081200000,0x0000000084cb3548,0x0000000086780000)
 Metaspace       used 15063K, capacity 15246K, committed 15488K, reserved 1062912K
  class space    used 1457K, capacity 1537K, committed 1664K, reserved 1048576K
}
Event: 200.518 GC heap before
{Heap before GC invocations=86 (full 0):
 PSYoungGen      total 272384K, used 272096K [0x00000000d5b80000, 0x00000000f6d80000, 0x0000000100000000)
  eden space 268288K, 100% used [0x00000000d5b80000,0x00000000e6180000,0x00000000e6180000)
  from space 4096K, 92% used [0x00000000f5e00000,0x00000000f61b8000,0x00000000f6200000)
  to   space 9728K, 0% used [0x00000000f6400000,0x00000000f6400000,0x00000000f6d80000)
 ParOldGen       total 87552K, used 60109K [0x0000000081200000, 0x0000000086780000, 0x00000000d5b80000)
  object space 87552K, 68% used [0x0000000081200000,0x0000000084cb3548,0x0000000086780000)
 Metaspace       used 15063K, capacity 15246K, committed 15488K, reserved 1062912K
  class space    used 1457K, capacity 1537K, committed 1664K, reserved 1048576K
Event: 200.531 GC heap after
Heap after GC invocations=86 (full 0):
 PSYoungGen      total 260608K, used 3712K [0x00000000d5b80000, 0x00000000f6800000, 0x0000000100000000)
  eden space 256512K, 0% used [0x00000000d5b80000,0x00000000d5b80000,0x00000000e5600000)
  from space 4096K, 90% used [0x00000000f6400000,0x00000000f67a0000,0x00000000f6800000)
  to   space 9728K, 0% used [0x00000000f5500000,0x00000000f5500000,0x00000000f5e80000)
 ParOldGen       total 87552K, used 60245K [0x0000000081200000, 0x0000000086780000, 0x00000000d5b80000)
  object space 87552K, 68% used [0x0000000081200000,0x0000000084cd5548,0x0000000086780000)
 Metaspace       used 15063K, capacity 15246K, committed 15488K, reserved 1062912K
  class space    used 1457K, capacity 1537K, committed 1664K, reserved 1048576K
}

