# JRE version: Java(TM) SE Runtime Environment (8.0_172-b11) (build 1.8.0_172-b11)
# Java VM: Java HotSpot(TM) 64-Bit Server VM (25.172-b11 mixed mode windows-amd64 compressed oops)
Heap:
 PSYoungGen      total 207360K, used 144411K [0x00000000d5b80000, 0x00000000eda00000, 0x0000000100000000)
  eden space 205312K, 69% used [0x00000000d5b80000,0x00000000de6eefa8,0x00000000e2400000)
  from space 2048K, 79% used [0x00000000ed800000,0x00000000ed998000,0x00000000eda00000)
  to   space 3072K, 0% used [0x00000000ed400000,0x00000000ed400000,0x00000000ed700000)
 ParOldGen       total 47616K, used 19412K [0x0000000081200000, 0x0000000084080000, 0x00000000d5b80000)
  object space 47616K, 40% used [0x0000000081200000,0x00000000824f53c0,0x0000000084080000)
 Metaspace       used 15518K, capacity 15682K, committed 16000K, reserved 1062912K
  class space    used 1461K, capacity 1537K, committed 1664K, reserved 1048576K
GC Heap History (10 events):
Event: 691.819 GC heap before
{Heap before GC invocations=3582 (full 4):
 PSYoungGen      total 256512K, used 256384K [0x00000000d5b80000, 0x00000000ee000000, 0x0000000100000000)
  eden space 254464K, 100% used [0x00000000d5b80000,0x00000000e5400000,0x00000000e5400000)
  from space 2048K, 93% used [0x00000000edb80000,0x00000000edd60000,0x00000000edd80000)
  to   space 2560K, 0% used [0x00000000edd80000,0x00000000edd80000,0x00000000ee000000)
 ParOldGen       total 47616K, used 19012K [0x0000000081200000, 0x0000000084080000, 0x00000000d5b80000)
  object space 47616K, 39% used [0x0000000081200000,0x00000000824913c0,0x0000000084080000)
 Metaspace       used 15518K, capacity 15682K, committed 16000K, reserved 1062912K
  class space    used 1461K, capacity 1537K, committed 1664K, reserved 1048576K
Event: 691.825 GC heap after
Heap after GC invocations=3582 (full 4):
 PSYoungGen      total 246272K, used 2556K [0x00000000d5b80000, 0x00000000ee000000, 0x0000000100000000)
  eden space 243712K, 0% used [0x00000000d5b80000,0x00000000d5b80000,0x00000000e4980000)
  from space 2560K, 99% used [0x00000000edd80000,0x00000000edfff1c0,0x00000000ee000000)
  to   space 3584K, 0% used [0x00000000ed900000,0x00000000ed900000,0x00000000edc80000)
 ParOldGen       total 47616K, used 19100K [0x0000000081200000, 0x0000000084080000, 0x00000000d5b80000)
  object space 47616K, 40% used [0x0000000081200000,0x00000000824a73c0,0x0000000084080000)
 Metaspace       used 15518K, capacity 15682K, committed 16000K, reserved 1062912K
  class space    used 1461K, capacity 1537K, committed 1664K, reserved 1048576K
}
Event: 693.989 GC heap before
{Heap before GC invocations=3583 (full 4):
 PSYoungGen      total 246272K, used 246268K [0x00000000d5b80000, 0x00000000ee000000, 0x0000000100000000)
  eden space 243712K, 100% used [0x00000000d5b80000,0x00000000e4980000,0x00000000e4980000)
  from space 2560K, 99% used [0x00000000edd80000,0x00000000edfff1c0,0x00000000ee000000)
  to   space 3584K, 0% used [0x00000000ed900000,0x00000000ed900000,0x00000000edc80000)
 ParOldGen       total 47616K, used 19100K [0x0000000081200000, 0x0000000084080000, 0x00000000d5b80000)
  object space 47616K, 40% used [0x0000000081200000,0x00000000824a73c0,0x0000000084080000)
 Metaspace       used 15518K, capacity 15682K, committed 16000K, reserved 1062912K
  class space    used 1461K, capacity 1537K, committed 1664K, reserved 1048576K
Event: 693.995 GC heap after
Heap after GC invocations=3583 (full 4):
 PSYoungGen      total 235520K, used 1792K [0x00000000d5b80000, 0x00000000ede00000, 0x0000000100000000)
  eden space 233472K, 0% used [0x00000000d5b80000,0x00000000d5b80000,0x00000000e3f80000)
  from space 2048K, 87% used [0x00000000ed900000,0x00000000edac0000,0x00000000edb00000)
  to   space 3072K, 0% used [0x00000000edb00000,0x00000000edb00000,0x00000000ede00000)
 ParOldGen       total 47616K, used 19188K [0x0000000081200000, 0x0000000084080000, 0x00000000d5b80000)
  object space 47616K, 40% used [0x0000000081200000,0x00000000824bd3c0,0x0000000084080000)
 Metaspace       used 15518K, capacity 15682K, committed 16000K, reserved 1062912K
  class space    used 1461K, capacity 1537K, committed 1664K, reserved 1048576K
}
Event: 695.499 GC heap before
{Heap before GC invocations=3584 (full 4):
 PSYoungGen      total 235520K, used 235264K [0x00000000d5b80000, 0x00000000ede00000, 0x0000000100000000)
  eden space 233472K, 100% used [0x00000000d5b80000,0x00000000e3f80000,0x00000000e3f80000)
  from space 2048K, 87% used [0x00000000ed900000,0x00000000edac0000,0x00000000edb00000)
  to   space 3072K, 0% used [0x00000000edb00000,0x00000000edb00000,0x00000000ede00000)
 ParOldGen       total 47616K, used 19188K [0x0000000081200000, 0x0000000084080000, 0x00000000d5b80000)
  object space 47616K, 40% used [0x0000000081200000,0x00000000824bd3c0,0x0000000084080000)
 Metaspace       used 15518K, capacity 15682K, committed 16000K, reserved 1062912K
  class space    used 1461K, capacity 1537K, committed 1664K, reserved 1048576K
Event: 695.505 GC heap after
Heap after GC invocations=3584 (full 4):
 PSYoungGen      total 225792K, used 1728K [0x00000000d5b80000, 0x00000000edd00000, 0x0000000100000000)
  eden space 223744K, 0% used [0x00000000d5b80000,0x00000000d5b80000,0x00000000e3600000)
  from space 2048K, 84% used [0x00000000edb00000,0x00000000edcb0000,0x00000000edd00000)
  to   space 3584K, 0% used [0x00000000ed600000,0x00000000ed600000,0x00000000ed980000)
 ParOldGen       total 47616K, used 19268K [0x0000000081200000, 0x0000000084080000, 0x00000000d5b80000)
  object space 47616K, 40% used [0x0000000081200000,0x00000000824d13c0,0x0000000084080000)
 Metaspace       used 15518K, capacity 15682K, committed 16000K, reserved 1062912K
  class space    used 1461K, capacity 1537K, committed 1664K, reserved 1048576K
}
Event: 697.686 GC heap before
{Heap before GC invocations=3585 (full 4):
 PSYoungGen      total 225792K, used 225472K [0x00000000d5b80000, 0x00000000edd00000, 0x0000000100000000)
  eden space 223744K, 100% used [0x00000000d5b80000,0x00000000e3600000,0x00000000e3600000)
  from space 2048K, 84% used [0x00000000edb00000,0x00000000edcb0000,0x00000000edd00000)
  to   space 3584K, 0% used [0x00000000ed600000,0x00000000ed600000,0x00000000ed980000)
 ParOldGen       total 47616K, used 19268K [0x0000000081200000, 0x0000000084080000, 0x00000000d5b80000)
  object space 47616K, 40% used [0x0000000081200000,0x00000000824d13c0,0x0000000084080000)
 Metaspace       used 15518K, capacity 15682K, committed 16000K, reserved 1062912K
  class space    used 1461K, capacity 1537K, committed 1664K, reserved 1048576K
Event: 697.691 GC heap after
Heap after GC invocations=3585 (full 4):
 PSYoungGen      total 216576K, used 1600K [0x00000000d5b80000, 0x00000000edb80000, 0x0000000100000000)
  eden space 214528K, 0% used [0x00000000d5b80000,0x00000000d5b80000,0x00000000e2d00000)
  from space 2048K, 78% used [0x00000000ed600000,0x00000000ed790000,0x00000000ed800000)
  to   space 3584K, 0% used [0x00000000ed800000,0x00000000ed800000,0x00000000edb80000)
 ParOldGen       total 47616K, used 19332K [0x0000000081200000, 0x0000000084080000, 0x00000000d5b80000)
  object space 47616K, 40% used [0x0000000081200000,0x00000000824e13c0,0x0000000084080000)
 Metaspace       used 15518K, capacity 15682K, committed 16000K, reserved 1062912K
  class space    used 1461K, capacity 1537K, committed 1664K, reserved 1048576K
}
Event: 699.154 GC heap before
{Heap before GC invocations=3586 (full 4):
 PSYoungGen      total 216576K, used 216128K [0x00000000d5b80000, 0x00000000edb80000, 0x0000000100000000)
  eden space 214528K, 100% used [0x00000000d5b80000,0x00000000e2d00000,0x00000000e2d00000)
  from space 2048K, 78% used [0x00000000ed600000,0x00000000ed790000,0x00000000ed800000)
  to   space 3584K, 0% used [0x00000000ed800000,0x00000000ed800000,0x00000000edb80000)
 ParOldGen       total 47616K, used 19332K [0x0000000081200000, 0x0000000084080000, 0x00000000d5b80000)
  object space 47616K, 40% used [0x0000000081200000,0x00000000824e13c0,0x0000000084080000)
 Metaspace       used 15518K, capacity 15682K, committed 16000K, reserved 1062912K
  class space    used 1461K, capacity 1537K, committed 1664K, reserved 1048576K
Event: 699.159 GC heap after
Heap after GC invocations=3586 (full 4):
 PSYoungGen      total 207360K, used 1632K [0x00000000d5b80000, 0x00000000eda00000, 0x0000000100000000)
  eden space 205312K, 0% used [0x00000000d5b80000,0x00000000d5b80000,0x00000000e2400000)
  from space 2048K, 79% used [0x00000000ed800000,0x00000000ed998000,0x00000000eda00000)
  to   space 3072K, 0% used [0x00000000ed400000,0x00000000ed400000,0x00000000ed700000)
 ParOldGen       total 47616K, used 19412K [0x0000000081200000, 0x0000000084080000, 0x00000000d5b80000)
  object space 47616K, 40% used [0x0000000081200000,0x00000000824f53c0,0x0000000084080000)
 Metaspace       used 15518K, capacity 15682K, committed 16000K, reserved 1062912K
  class space    used 1461K, capacity 1537K, committed 1664K, reserved 1048576K
}

