# JRE version: Java(TM) SE Runtime Environment (8.0_172-b11) (build 1.8.0_172-b11)
# Java VM: Java HotSpot(TM) 64-Bit Server VM (25.172-b11 mixed mode windows-amd64 compressed oops)
Heap:
 PSYoungGen      total 683520K, used 503618K [0x00000000d5b80000, 0x0000000100000000, 0x0000000100000000)
  eden space 674304K, 73% used [0x00000000d5b80000,0x00000000f3e70a78,0x00000000fee00000)
  from space 9216K, 98% used [0x00000000fee00000,0x00000000ff6e0010,0x00000000ff700000)
  to   space 9216K, 0% used [0x00000000ff700000,0x00000000ff700000,0x0000000100000000)
 ParOldGen       total 87552K, used 11921K [0x0000000081200000, 0x0000000086780000, 0x00000000d5b80000)
  object space 87552K, 13% used [0x0000000081200000,0x0000000081da44e8,0x0000000086780000)
 Metaspace       used 15051K, capacity 15246K, committed 15488K, reserved 1062912K
  class space    used 1458K, capacity 1537K, committed 1664K, reserved 1048576K
GC Heap History (10 events):
Event: 4.499 GC heap before
{Heap before GC invocations=9 (full 0):
 PSYoungGen      total 275968K, used 271251K [0x00000000d5b80000, 0x00000000e7280000, 0x0000000100000000)
  eden space 266240K, 100% used [0x00000000d5b80000,0x00000000e5f80000,0x00000000e5f80000)
  from space 9728K, 51% used [0x00000000e6900000,0x00000000e6de4d48,0x00000000e7280000)
  to   space 9728K, 0% used [0x00000000e5f80000,0x00000000e5f80000,0x00000000e6900000)
 ParOldGen       total 87552K, used 8124K [0x0000000081200000, 0x0000000086780000, 0x00000000d5b80000)
  object space 87552K, 9% used [0x0000000081200000,0x00000000819ef1a8,0x0000000086780000)
 Metaspace       used 14945K, capacity 15118K, committed 15488K, reserved 1062912K
  class space    used 1458K, capacity 1537K, committed 1664K, reserved 1048576K
Event: 4.511 GC heap after
Heap after GC invocations=9 (full 0):
 PSYoungGen      total 275968K, used 4064K [0x00000000d5b80000, 0x00000000f0d80000, 0x0000000100000000)
  eden space 266240K, 0% used [0x00000000d5b80000,0x00000000d5b80000,0x00000000e5f80000)
  from space 9728K, 41% used [0x00000000e5f80000,0x00000000e6378000,0x00000000e6900000)
  to   space 9216K, 0% used [0x00000000f0480000,0x00000000f0480000,0x00000000f0d80000)
 ParOldGen       total 87552K, used 10891K [0x0000000081200000, 0x0000000086780000, 0x00000000d5b80000)
  object space 87552K, 12% used [0x0000000081200000,0x0000000081ca2c30,0x0000000086780000)
 Metaspace       used 14945K, capacity 15118K, committed 15488K, reserved 1062912K
  class space    used 1458K, capacity 1537K, committed 1664K, reserved 1048576K
}
Event: 5.460 GC heap before
{Heap before GC invocations=10 (full 0):
 PSYoungGen      total 275968K, used 270304K [0x00000000d5b80000, 0x00000000f0d80000, 0x0000000100000000)
  eden space 266240K, 100% used [0x00000000d5b80000,0x00000000e5f80000,0x00000000e5f80000)
  from space 9728K, 41% used [0x00000000e5f80000,0x00000000e6378000,0x00000000e6900000)
  to   space 9216K, 0% used [0x00000000f0480000,0x00000000f0480000,0x00000000f0d80000)
 ParOldGen       total 87552K, used 10891K [0x0000000081200000, 0x0000000086780000, 0x00000000d5b80000)
  object space 87552K, 12% used [0x0000000081200000,0x0000000081ca2c30,0x0000000086780000)
 Metaspace       used 14972K, capacity 15118K, committed 15488K, reserved 1062912K
  class space    used 1458K, capacity 1537K, committed 1664K, reserved 1048576K
Event: 5.471 GC heap after
Heap after GC invocations=10 (full 0):
 PSYoungGen      total 435200K, used 3584K [0x00000000d5b80000, 0x00000000f0d80000, 0x0000000100000000)
  eden space 425984K, 0% used [0x00000000d5b80000,0x00000000d5b80000,0x00000000efb80000)
  from space 9216K, 38% used [0x00000000f0480000,0x00000000f0800000,0x00000000f0d80000)
  to   space 9216K, 0% used [0x00000000efb80000,0x00000000efb80000,0x00000000f0480000)
 ParOldGen       total 87552K, used 11345K [0x0000000081200000, 0x0000000086780000, 0x00000000d5b80000)
  object space 87552K, 12% used [0x0000000081200000,0x0000000081d144d8,0x0000000086780000)
 Metaspace       used 14972K, capacity 15118K, committed 15488K, reserved 1062912K
  class space    used 1458K, capacity 1537K, committed 1664K, reserved 1048576K
}
Event: 7.112 GC heap before
{Heap before GC invocations=11 (full 0):
 PSYoungGen      total 435200K, used 429568K [0x00000000d5b80000, 0x00000000f0d80000, 0x0000000100000000)
  eden space 425984K, 100% used [0x00000000d5b80000,0x00000000efb80000,0x00000000efb80000)
  from space 9216K, 38% used [0x00000000f0480000,0x00000000f0800000,0x00000000f0d80000)
  to   space 9216K, 0% used [0x00000000efb80000,0x00000000efb80000,0x00000000f0480000)
 ParOldGen       total 87552K, used 11345K [0x0000000081200000, 0x0000000086780000, 0x00000000d5b80000)
  object space 87552K, 12% used [0x0000000081200000,0x0000000081d144d8,0x0000000086780000)
 Metaspace       used 14977K, capacity 15118K, committed 15488K, reserved 1062912K
  class space    used 1458K, capacity 1537K, committed 1664K, reserved 1048576K
Event: 7.129 GC heap after
Heap after GC invocations=11 (full 0):
 PSYoungGen      total 435200K, used 5792K [0x00000000d5b80000, 0x0000000100000000, 0x0000000100000000)
  eden space 425984K, 0% used [0x00000000d5b80000,0x00000000d5b80000,0x00000000efb80000)
  from space 9216K, 62% used [0x00000000efb80000,0x00000000f0128000,0x00000000f0480000)
  to   space 9216K, 0% used [0x00000000ff700000,0x00000000ff700000,0x0000000100000000)
 ParOldGen       total 87552K, used 11425K [0x0000000081200000, 0x0000000086780000, 0x00000000d5b80000)
  object space 87552K, 13% used [0x0000000081200000,0x0000000081d284d8,0x0000000086780000)
 Metaspace       used 14977K, capacity 15118K, committed 15488K, reserved 1062912K
  class space    used 1458K, capacity 1537K, committed 1664K, reserved 1048576K
}
Event: 8.705 GC heap before
{Heap before GC invocations=12 (full 0):
 PSYoungGen      total 435200K, used 431776K [0x00000000d5b80000, 0x0000000100000000, 0x0000000100000000)
  eden space 425984K, 100% used [0x00000000d5b80000,0x00000000efb80000,0x00000000efb80000)
  from space 9216K, 62% used [0x00000000efb80000,0x00000000f0128000,0x00000000f0480000)
  to   space 9216K, 0% used [0x00000000ff700000,0x00000000ff700000,0x0000000100000000)
 ParOldGen       total 87552K, used 11425K [0x0000000081200000, 0x0000000086780000, 0x00000000d5b80000)
  object space 87552K, 13% used [0x0000000081200000,0x0000000081d284d8,0x0000000086780000)
 Metaspace       used 15022K, capacity 15182K, committed 15488K, reserved 1062912K
  class space    used 1458K, capacity 1537K, committed 1664K, reserved 1048576K
Event: 8.723 GC heap after
Heap after GC invocations=12 (full 0):
 PSYoungGen      total 683520K, used 5856K [0x00000000d5b80000, 0x0000000100000000, 0x0000000100000000)
  eden space 674304K, 0% used [0x00000000d5b80000,0x00000000d5b80000,0x00000000fee00000)
  from space 9216K, 63% used [0x00000000ff700000,0x00000000ffcb8000,0x0000000100000000)
  to   space 9216K, 0% used [0x00000000fee00000,0x00000000fee00000,0x00000000ff700000)
 ParOldGen       total 87552K, used 11689K [0x0000000081200000, 0x0000000086780000, 0x00000000d5b80000)
  object space 87552K, 13% used [0x0000000081200000,0x0000000081d6a4e8,0x0000000086780000)
 Metaspace       used 15022K, capacity 15182K, committed 15488K, reserved 1062912K
  class space    used 1458K, capacity 1537K, committed 1664K, reserved 1048576K
}
Event: 11.251 GC heap before
{Heap before GC invocations=13 (full 0):
 PSYoungGen      total 683520K, used 680160K [0x00000000d5b80000, 0x0000000100000000, 0x0000000100000000)
  eden space 674304K, 100% used [0x00000000d5b80000,0x00000000fee00000,0x00000000fee00000)
  from space 9216K, 63% used [0x00000000ff700000,0x00000000ffcb8000,0x0000000100000000)
  to   space 9216K, 0% used [0x00000000fee00000,0x00000000fee00000,0x00000000ff700000)
 ParOldGen       total 87552K, used 11689K [0x0000000081200000, 0x0000000086780000, 0x00000000d5b80000)
  object space 87552K, 13% used [0x0000000081200000,0x0000000081d6a4e8,0x0000000086780000)
 Metaspace       used 15050K, capacity 15246K, committed 15488K, reserved 1062912K
  class space    used 1458K, capacity 1537K, committed 1664K, reserved 1048576K
Event: 11.284 GC heap after
Heap after GC invocations=13 (full 0):
 PSYoungGen      total 683520K, used 9088K [0x00000000d5b80000, 0x0000000100000000, 0x0000000100000000)
  eden space 674304K, 0% used [0x00000000d5b80000,0x00000000d5b80000,0x00000000fee00000)
  from space 9216K, 98% used [0x00000000fee00000,0x00000000ff6e0010,0x00000000ff700000)
  to   space 9216K, 0% used [0x00000000ff700000,0x00000000ff700000,0x0000000100000000)
 ParOldGen       total 87552K, used 11921K [0x0000000081200000, 0x0000000086780000, 0x00000000d5b80000)
  object space 87552K, 13% used [0x0000000081200000,0x0000000081da44e8,0x0000000086780000)
 Metaspace       used 15050K, capacity 15246K, committed 15488K, reserved 1062912K
  class space    used 1458K, capacity 1537K, committed 1664K, reserved 1048576K
}

