# JRE version: Java(TM) SE Runtime Environment (8.0_172-b11) (build 1.8.0_172-b11)
# Java VM: Java HotSpot(TM) 64-Bit Server VM (25.172-b11 mixed mode windows-amd64 compressed oops)
Heap:
 PSYoungGen      total 579072K, used 186164K [0x00000000d5b80000, 0x00000000fea80000, 0x0000000100000000)
  eden space 578560K, 32% used [0x00000000d5b80000,0x00000000e10ed1c8,0x00000000f9080000)
  from space 512K, 75% used [0x00000000fea00000,0x00000000fea60000,0x00000000fea80000)
  to   space 10752K, 0% used [0x00000000fd580000,0x00000000fd580000,0x00000000fe000000)
 ParOldGen       total 87552K, used 15421K [0x0000000081200000, 0x0000000086780000, 0x00000000d5b80000)
  object space 87552K, 17% used [0x0000000081200000,0x000000008210f700,0x0000000086780000)
 Metaspace       used 15005K, capacity 15150K, committed 15360K, reserved 1062912K
  class space    used 1436K, capacity 1505K, committed 1536K, reserved 1048576K
GC Heap History (10 events):
Event: 61.276 GC heap before
{Heap before GC invocations=12 (full 0):
 PSYoungGen      total 435712K, used 424466K [0x00000000d5b80000, 0x0000000100000000, 0x0000000100000000)
  eden space 424448K, 99% used [0x00000000d5b80000,0x00000000ef9c49b8,0x00000000efa00000)
  from space 11264K, 2% used [0x00000000efa00000,0x00000000efa40000,0x00000000f0500000)
  to   space 11776K, 0% used [0x00000000ff480000,0x00000000ff480000,0x0000000100000000)
 ParOldGen       total 87552K, used 14215K [0x0000000081200000, 0x0000000086780000, 0x00000000d5b80000)
  object space 87552K, 16% used [0x0000000081200000,0x0000000081fe1ed0,0x0000000086780000)
 Metaspace       used 14987K, capacity 15150K, committed 15360K, reserved 1062912K
  class space    used 1434K, capacity 1505K, committed 1536K, reserved 1048576K
Event: 61.277 GC heap after
Heap after GC invocations=12 (full 0):
 PSYoungGen      total 680960K, used 352K [0x00000000d5b80000, 0x0000000100000000, 0x0000000100000000)
  eden space 669184K, 0% used [0x00000000d5b80000,0x00000000d5b80000,0x00000000fe900000)
  from space 11776K, 2% used [0x00000000ff480000,0x00000000ff4d8010,0x0000000100000000)
  to   space 11776K, 0% used [0x00000000fe900000,0x00000000fe900000,0x00000000ff480000)
 ParOldGen       total 87552K, used 14375K [0x0000000081200000, 0x0000000086780000, 0x00000000d5b80000)
  object space 87552K, 16% used [0x0000000081200000,0x0000000082009ed0,0x0000000086780000)
 Metaspace       used 14987K, capacity 15150K, committed 15360K, reserved 1062912K
  class space    used 1434K, capacity 1505K, committed 1536K, reserved 1048576K
}
Event: 82.283 GC heap before
{Heap before GC invocations=13 (full 0):
 PSYoungGen      total 680960K, used 669536K [0x00000000d5b80000, 0x0000000100000000, 0x0000000100000000)
  eden space 669184K, 100% used [0x00000000d5b80000,0x00000000fe900000,0x00000000fe900000)
  from space 11776K, 2% used [0x00000000ff480000,0x00000000ff4d8010,0x0000000100000000)
  to   space 11776K, 0% used [0x00000000fe900000,0x00000000fe900000,0x00000000ff480000)
 ParOldGen       total 87552K, used 14375K [0x0000000081200000, 0x0000000086780000, 0x00000000d5b80000)
  object space 87552K, 16% used [0x0000000081200000,0x0000000082009ed0,0x0000000086780000)
 Metaspace       used 14987K, capacity 15150K, committed 15360K, reserved 1062912K
  class space    used 1434K, capacity 1505K, committed 1536K, reserved 1048576K
Event: 82.286 GC heap after
Heap after GC invocations=13 (full 0):
 PSYoungGen      total 680960K, used 384K [0x00000000d5b80000, 0x0000000100000000, 0x0000000100000000)
  eden space 669184K, 0% used [0x00000000d5b80000,0x00000000d5b80000,0x00000000fe900000)
  from space 11776K, 3% used [0x00000000fe900000,0x00000000fe960000,0x00000000ff480000)
  to   space 11776K, 0% used [0x00000000ff480000,0x00000000ff480000,0x0000000100000000)
 ParOldGen       total 87552K, used 14591K [0x0000000081200000, 0x0000000086780000, 0x00000000d5b80000)
  object space 87552K, 16% used [0x0000000081200000,0x000000008203fee0,0x0000000086780000)
 Metaspace       used 14987K, capacity 15150K, committed 15360K, reserved 1062912K
  class space    used 1434K, capacity 1505K, committed 1536K, reserved 1048576K
}
Event: 107.933 GC heap before
{Heap before GC invocations=14 (full 0):
 PSYoungGen      total 680960K, used 669568K [0x00000000d5b80000, 0x0000000100000000, 0x0000000100000000)
  eden space 669184K, 100% used [0x00000000d5b80000,0x00000000fe900000,0x00000000fe900000)
  from space 11776K, 3% used [0x00000000fe900000,0x00000000fe960000,0x00000000ff480000)
  to   space 11776K, 0% used [0x00000000ff480000,0x00000000ff480000,0x0000000100000000)
 ParOldGen       total 87552K, used 14591K [0x0000000081200000, 0x0000000086780000, 0x00000000d5b80000)
  object space 87552K, 16% used [0x0000000081200000,0x000000008203fee0,0x0000000086780000)
 Metaspace       used 14987K, capacity 15150K, committed 15360K, reserved 1062912K
  class space    used 1434K, capacity 1505K, committed 1536K, reserved 1048576K
Event: 107.941 GC heap after
Heap after GC invocations=14 (full 0):
 PSYoungGen      total 637952K, used 480K [0x00000000d5b80000, 0x00000000ff500000, 0x0000000100000000)
  eden space 637440K, 0% used [0x00000000d5b80000,0x00000000d5b80000,0x00000000fca00000)
  from space 512K, 93% used [0x00000000ff480000,0x00000000ff4f8010,0x00000000ff500000)
  to   space 11264K, 0% used [0x00000000fdf00000,0x00000000fdf00000,0x00000000fea00000)
 ParOldGen       total 87552K, used 14861K [0x0000000081200000, 0x0000000086780000, 0x00000000d5b80000)
  object space 87552K, 16% used [0x0000000081200000,0x00000000820836f0,0x0000000086780000)
 Metaspace       used 14987K, capacity 15150K, committed 15360K, reserved 1062912K
  class space    used 1434K, capacity 1505K, committed 1536K, reserved 1048576K
}
Event: 130.099 GC heap before
{Heap before GC invocations=15 (full 0):
 PSYoungGen      total 637952K, used 637920K [0x00000000d5b80000, 0x00000000ff500000, 0x0000000100000000)
  eden space 637440K, 100% used [0x00000000d5b80000,0x00000000fca00000,0x00000000fca00000)
  from space 512K, 93% used [0x00000000ff480000,0x00000000ff4f8010,0x00000000ff500000)
  to   space 11264K, 0% used [0x00000000fdf00000,0x00000000fdf00000,0x00000000fea00000)
 ParOldGen       total 87552K, used 14861K [0x0000000081200000, 0x0000000086780000, 0x00000000d5b80000)
  object space 87552K, 16% used [0x0000000081200000,0x00000000820836f0,0x0000000086780000)
 Metaspace       used 14987K, capacity 15150K, committed 15360K, reserved 1062912K
  class space    used 1434K, capacity 1505K, committed 1536K, reserved 1048576K
Event: 130.107 GC heap after
Heap after GC invocations=15 (full 0):
 PSYoungGen      total 618496K, used 384K [0x00000000d5b80000, 0x00000000ff500000, 0x0000000100000000)
  eden space 607232K, 0% used [0x00000000d5b80000,0x00000000d5b80000,0x00000000fac80000)
  from space 11264K, 3% used [0x00000000fdf00000,0x00000000fdf60000,0x00000000fea00000)
  to   space 11264K, 0% used [0x00000000fea00000,0x00000000fea00000,0x00000000ff500000)
 ParOldGen       total 87552K, used 15205K [0x0000000081200000, 0x0000000086780000, 0x00000000d5b80000)
  object space 87552K, 17% used [0x0000000081200000,0x00000000820d9700,0x0000000086780000)
 Metaspace       used 14987K, capacity 15150K, committed 15360K, reserved 1062912K
  class space    used 1434K, capacity 1505K, committed 1536K, reserved 1048576K
}
Event: 151.407 GC heap before
{Heap before GC invocations=16 (full 0):
 PSYoungGen      total 618496K, used 607616K [0x00000000d5b80000, 0x00000000ff500000, 0x0000000100000000)
  eden space 607232K, 100% used [0x00000000d5b80000,0x00000000fac80000,0x00000000fac80000)
  from space 11264K, 3% used [0x00000000fdf00000,0x00000000fdf60000,0x00000000fea00000)
  to   space 11264K, 0% used [0x00000000fea00000,0x00000000fea00000,0x00000000ff500000)
 ParOldGen       total 87552K, used 15205K [0x0000000081200000, 0x0000000086780000, 0x00000000d5b80000)
  object space 87552K, 17% used [0x0000000081200000,0x00000000820d9700,0x0000000086780000)
 Metaspace       used 14987K, capacity 15150K, committed 15360K, reserved 1062912K
  class space    used 1434K, capacity 1505K, committed 1536K, reserved 1048576K
Event: 151.410 GC heap after
Heap after GC invocations=16 (full 0):
 PSYoungGen      total 579072K, used 384K [0x00000000d5b80000, 0x00000000fea80000, 0x0000000100000000)
  eden space 578560K, 0% used [0x00000000d5b80000,0x00000000d5b80000,0x00000000f9080000)
  from space 512K, 75% used [0x00000000fea00000,0x00000000fea60000,0x00000000fea80000)
  to   space 10752K, 0% used [0x00000000fd580000,0x00000000fd580000,0x00000000fe000000)
 ParOldGen       total 87552K, used 15421K [0x0000000081200000, 0x0000000086780000, 0x00000000d5b80000)
  object space 87552K, 17% used [0x0000000081200000,0x000000008210f700,0x0000000086780000)
 Metaspace       used 14987K, capacity 15150K, committed 15360K, reserved 1062912K
  class space    used 1434K, capacity 1505K, committed 1536K, reserved 1048576K
}

