# JRE version: Java(TM) SE Runtime Environment (8.0_172-b11) (build 1.8.0_172-b11)
# Java VM: Java HotSpot(TM) 64-Bit Server VM (25.172-b11 mixed mode windows-amd64 compressed oops)
Heap:
 PSYoungGen      total 680448K, used 576113K [0x00000000d5b80000, 0x0000000100000000, 0x0000000100000000)
  eden space 669696K, 84% used [0x00000000d5b80000,0x00000000f855c4c8,0x00000000fe980000)
  from space 10752K, 83% used [0x00000000fe980000,0x00000000ff240010,0x00000000ff400000)
  to   space 11776K, 0% used [0x00000000ff480000,0x00000000ff480000,0x0000000100000000)
 ParOldGen       total 87552K, used 14830K [0x0000000081200000, 0x0000000086780000, 0x00000000d5b80000)
  object space 87552K, 16% used [0x0000000081200000,0x000000008207b868,0x0000000086780000)
 Metaspace       used 15076K, capacity 15246K, committed 15488K, reserved 1062912K
  class space    used 1458K, capacity 1537K, committed 1664K, reserved 1048576K
GC Heap History (10 events):
Event: 4.401 GC heap before
{Heap before GC invocations=9 (full 0):
 PSYoungGen      total 277504K, used 273129K [0x00000000d5b80000, 0x00000000e7680000, 0x0000000100000000)
  eden space 265216K, 100% used [0x00000000d5b80000,0x00000000e5e80000,0x00000000e5e80000)
  from space 12288K, 64% used [0x00000000e6a80000,0x00000000e723a4e8,0x00000000e7680000)
  to   space 12288K, 0% used [0x00000000e5e80000,0x00000000e5e80000,0x00000000e6a80000)
 ParOldGen       total 87552K, used 8108K [0x0000000081200000, 0x0000000086780000, 0x00000000d5b80000)
  object space 87552K, 9% used [0x0000000081200000,0x00000000819eb3f0,0x0000000086780000)
 Metaspace       used 14947K, capacity 15118K, committed 15488K, reserved 1062912K
  class space    used 1458K, capacity 1537K, committed 1664K, reserved 1048576K
Event: 4.416 GC heap after
Heap after GC invocations=9 (full 0):
 PSYoungGen      total 277504K, used 4000K [0x00000000d5b80000, 0x00000000f1100000, 0x0000000100000000)
  eden space 265216K, 0% used [0x00000000d5b80000,0x00000000d5b80000,0x00000000e5e80000)
  from space 12288K, 32% used [0x00000000e5e80000,0x00000000e6268000,0x00000000e6a80000)
  to   space 11776K, 0% used [0x00000000f0580000,0x00000000f0580000,0x00000000f1100000)
 ParOldGen       total 87552K, used 13803K [0x0000000081200000, 0x0000000086780000, 0x00000000d5b80000)
  object space 87552K, 15% used [0x0000000081200000,0x0000000081f7afc0,0x0000000086780000)
 Metaspace       used 14947K, capacity 15118K, committed 15488K, reserved 1062912K
  class space    used 1458K, capacity 1537K, committed 1664K, reserved 1048576K
}
Event: 5.393 GC heap before
{Heap before GC invocations=10 (full 0):
 PSYoungGen      total 277504K, used 269216K [0x00000000d5b80000, 0x00000000f1100000, 0x0000000100000000)
  eden space 265216K, 100% used [0x00000000d5b80000,0x00000000e5e80000,0x00000000e5e80000)
  from space 12288K, 32% used [0x00000000e5e80000,0x00000000e6268000,0x00000000e6a80000)
  to   space 11776K, 0% used [0x00000000f0580000,0x00000000f0580000,0x00000000f1100000)
 ParOldGen       total 87552K, used 13803K [0x0000000081200000, 0x0000000086780000, 0x00000000d5b80000)
  object space 87552K, 15% used [0x0000000081200000,0x0000000081f7afc0,0x0000000086780000)
 Metaspace       used 14978K, capacity 15182K, committed 15488K, reserved 1062912K
  class space    used 1458K, capacity 1537K, committed 1664K, reserved 1048576K
Event: 5.405 GC heap after
Heap after GC invocations=10 (full 0):
 PSYoungGen      total 436224K, used 3520K [0x00000000d5b80000, 0x00000000f1100000, 0x0000000100000000)
  eden space 424448K, 0% used [0x00000000d5b80000,0x00000000d5b80000,0x00000000efa00000)
  from space 11776K, 29% used [0x00000000f0580000,0x00000000f08f0000,0x00000000f1100000)
  to   space 11776K, 0% used [0x00000000efa00000,0x00000000efa00000,0x00000000f0580000)
 ParOldGen       total 87552K, used 14262K [0x0000000081200000, 0x0000000086780000, 0x00000000d5b80000)
  object space 87552K, 16% used [0x0000000081200000,0x0000000081fed858,0x0000000086780000)
 Metaspace       used 14978K, capacity 15182K, committed 15488K, reserved 1062912K
  class space    used 1458K, capacity 1537K, committed 1664K, reserved 1048576K
}
Event: 6.918 GC heap before
{Heap before GC invocations=11 (full 0):
 PSYoungGen      total 436224K, used 427968K [0x00000000d5b80000, 0x00000000f1100000, 0x0000000100000000)
  eden space 424448K, 100% used [0x00000000d5b80000,0x00000000efa00000,0x00000000efa00000)
  from space 11776K, 29% used [0x00000000f0580000,0x00000000f08f0000,0x00000000f1100000)
  to   space 11776K, 0% used [0x00000000efa00000,0x00000000efa00000,0x00000000f0580000)
 ParOldGen       total 87552K, used 14262K [0x0000000081200000, 0x0000000086780000, 0x00000000d5b80000)
  object space 87552K, 16% used [0x0000000081200000,0x0000000081fed858,0x0000000086780000)
 Metaspace       used 14983K, capacity 15182K, committed 15488K, reserved 1062912K
  class space    used 1458K, capacity 1537K, committed 1664K, reserved 1048576K
Event: 6.938 GC heap after
Heap after GC invocations=11 (full 0):
 PSYoungGen      total 436224K, used 5792K [0x00000000d5b80000, 0x00000000fff00000, 0x0000000100000000)
  eden space 424448K, 0% used [0x00000000d5b80000,0x00000000d5b80000,0x00000000efa00000)
  from space 11776K, 49% used [0x00000000efa00000,0x00000000effa8000,0x00000000f0580000)
  to   space 11264K, 0% used [0x00000000ff400000,0x00000000ff400000,0x00000000fff00000)
 ParOldGen       total 87552K, used 14334K [0x0000000081200000, 0x0000000086780000, 0x00000000d5b80000)
  object space 87552K, 16% used [0x0000000081200000,0x0000000081fff858,0x0000000086780000)
 Metaspace       used 14983K, capacity 15182K, committed 15488K, reserved 1062912K
  class space    used 1458K, capacity 1537K, committed 1664K, reserved 1048576K
}
Event: 8.532 GC heap before
{Heap before GC invocations=12 (full 0):
 PSYoungGen      total 436224K, used 430240K [0x00000000d5b80000, 0x00000000fff00000, 0x0000000100000000)
  eden space 424448K, 100% used [0x00000000d5b80000,0x00000000efa00000,0x00000000efa00000)
  from space 11776K, 49% used [0x00000000efa00000,0x00000000effa8000,0x00000000f0580000)
  to   space 11264K, 0% used [0x00000000ff400000,0x00000000ff400000,0x00000000fff00000)
 ParOldGen       total 87552K, used 14334K [0x0000000081200000, 0x0000000086780000, 0x00000000d5b80000)
  object space 87552K, 16% used [0x0000000081200000,0x0000000081fff858,0x0000000086780000)
 Metaspace       used 15031K, capacity 15182K, committed 15488K, reserved 1062912K
  class space    used 1458K, capacity 1537K, committed 1664K, reserved 1048576K
Event: 8.550 GC heap after
Heap after GC invocations=12 (full 0):
 PSYoungGen      total 680448K, used 5792K [0x00000000d5b80000, 0x00000000ffe80000, 0x0000000100000000)
  eden space 669696K, 0% used [0x00000000d5b80000,0x00000000d5b80000,0x00000000fe980000)
  from space 10752K, 53% used [0x00000000ff400000,0x00000000ff9a8000,0x00000000ffe80000)
  to   space 10752K, 0% used [0x00000000fe980000,0x00000000fe980000,0x00000000ff400000)
 ParOldGen       total 87552K, used 14598K [0x0000000081200000, 0x0000000086780000, 0x00000000d5b80000)
  object space 87552K, 16% used [0x0000000081200000,0x0000000082041868,0x0000000086780000)
 Metaspace       used 15031K, capacity 15182K, committed 15488K, reserved 1062912K
  class space    used 1458K, capacity 1537K, committed 1664K, reserved 1048576K
}
Event: 11.115 GC heap before
{Heap before GC invocations=13 (full 0):
 PSYoungGen      total 680448K, used 675488K [0x00000000d5b80000, 0x00000000ffe80000, 0x0000000100000000)
  eden space 669696K, 100% used [0x00000000d5b80000,0x00000000fe980000,0x00000000fe980000)
  from space 10752K, 53% used [0x00000000ff400000,0x00000000ff9a8000,0x00000000ffe80000)
  to   space 10752K, 0% used [0x00000000fe980000,0x00000000fe980000,0x00000000ff400000)
 ParOldGen       total 87552K, used 14598K [0x0000000081200000, 0x0000000086780000, 0x00000000d5b80000)
  object space 87552K, 16% used [0x0000000081200000,0x0000000082041868,0x0000000086780000)
 Metaspace       used 15063K, capacity 15246K, committed 15488K, reserved 1062912K
  class space    used 1458K, capacity 1537K, committed 1664K, reserved 1048576K
Event: 11.148 GC heap after
Heap after GC invocations=13 (full 0):
 PSYoungGen      total 680448K, used 8960K [0x00000000d5b80000, 0x0000000100000000, 0x0000000100000000)
  eden space 669696K, 0% used [0x00000000d5b80000,0x00000000d5b80000,0x00000000fe980000)
  from space 10752K, 83% used [0x00000000fe980000,0x00000000ff240010,0x00000000ff400000)
  to   space 11776K, 0% used [0x00000000ff480000,0x00000000ff480000,0x0000000100000000)
 ParOldGen       total 87552K, used 14830K [0x0000000081200000, 0x0000000086780000, 0x00000000d5b80000)
  object space 87552K, 16% used [0x0000000081200000,0x000000008207b868,0x0000000086780000)
 Metaspace       used 15063K, capacity 15246K, committed 15488K, reserved 1062912K
  class space    used 1458K, capacity 1537K, committed 1664K, reserved 1048576K
}

