# JRE version: Java(TM) SE Runtime Environment (8.0_172-b11) (build 1.8.0_172-b11)
# Java VM: Java HotSpot(TM) 64-Bit Server VM (25.172-b11 mixed mode windows-amd64 compressed oops)
Heap:
 PSYoungGen      total 483328K, used 442576K [0x00000000d5b80000, 0x00000000fe080000, 0x0000000100000000)
  eden space 478720K, 91% used [0x00000000d5b80000,0x00000000f0784130,0x00000000f2f00000)
  from space 4608K, 93% used [0x00000000fdc00000,0x00000000fe030010,0x00000000fe080000)
  to   space 8192K, 0% used [0x00000000fd080000,0x00000000fd080000,0x00000000fd880000)
 ParOldGen       total 87552K, used 19945K [0x0000000081200000, 0x0000000086780000, 0x00000000d5b80000)
  object space 87552K, 22% used [0x0000000081200000,0x000000008257a7c0,0x0000000086780000)
 Metaspace       used 15475K, capacity 15682K, committed 16000K, reserved 1062912K
  class space    used 1460K, capacity 1537K, committed 1664K, reserved 1048576K
GC Heap History (10 events):
Event: 37.505 GC heap before
{Heap before GC invocations=22 (full 0):
 PSYoungGen      total 612352K, used 612192K [0x00000000d5b80000, 0x00000000ff580000, 0x0000000100000000)
  eden space 607744K, 100% used [0x00000000d5b80000,0x00000000fad00000,0x00000000fad00000)
  from space 4608K, 96% used [0x00000000fe680000,0x00000000fead8000,0x00000000feb00000)
  to   space 9728K, 0% used [0x00000000fec00000,0x00000000fec00000,0x00000000ff580000)
 ParOldGen       total 87552K, used 19091K [0x0000000081200000, 0x0000000086780000, 0x00000000d5b80000)
  object space 87552K, 21% used [0x0000000081200000,0x00000000824a4e10,0x0000000086780000)
 Metaspace       used 15459K, capacity 15682K, committed 16000K, reserved 1062912K
  class space    used 1460K, capacity 1537K, committed 1664K, reserved 1048576K
Event: 37.518 GC heap after
Heap after GC invocations=22 (full 0):
 PSYoungGen      total 583680K, used 4224K [0x00000000d5b80000, 0x00000000ff080000, 0x0000000100000000)
  eden space 579072K, 0% used [0x00000000d5b80000,0x00000000d5b80000,0x00000000f9100000)
  from space 4608K, 91% used [0x00000000fec00000,0x00000000ff020000,0x00000000ff080000)
  to   space 9216K, 0% used [0x00000000fde80000,0x00000000fde80000,0x00000000fe780000)
 ParOldGen       total 87552K, used 19267K [0x0000000081200000, 0x0000000086780000, 0x00000000d5b80000)
  object space 87552K, 22% used [0x0000000081200000,0x00000000824d0e10,0x0000000086780000)
 Metaspace       used 15459K, capacity 15682K, committed 16000K, reserved 1062912K
  class space    used 1460K, capacity 1537K, committed 1664K, reserved 1048576K
}
Event: 39.773 GC heap before
{Heap before GC invocations=23 (full 0):
 PSYoungGen      total 583680K, used 583296K [0x00000000d5b80000, 0x00000000ff080000, 0x0000000100000000)
  eden space 579072K, 100% used [0x00000000d5b80000,0x00000000f9100000,0x00000000f9100000)
  from space 4608K, 91% used [0x00000000fec00000,0x00000000ff020000,0x00000000ff080000)
  to   space 9216K, 0% used [0x00000000fde80000,0x00000000fde80000,0x00000000fe780000)
 ParOldGen       total 87552K, used 19267K [0x0000000081200000, 0x0000000086780000, 0x00000000d5b80000)
  object space 87552K, 22% used [0x0000000081200000,0x00000000824d0e30,0x0000000086780000)
 Metaspace       used 15463K, capacity 15682K, committed 16000K, reserved 1062912K
  class space    used 1460K, capacity 1537K, committed 1664K, reserved 1048576K
Event: 39.785 GC heap after
Heap after GC invocations=23 (full 0):
 PSYoungGen      total 556032K, used 4064K [0x00000000d5b80000, 0x00000000fec80000, 0x0000000100000000)
  eden space 551936K, 0% used [0x00000000d5b80000,0x00000000d5b80000,0x00000000f7680000)
  from space 4096K, 99% used [0x00000000fde80000,0x00000000fe278010,0x00000000fe280000)
  to   space 9216K, 0% used [0x00000000fe380000,0x00000000fe380000,0x00000000fec80000)
 ParOldGen       total 87552K, used 19427K [0x0000000081200000, 0x0000000086780000, 0x00000000d5b80000)
  object space 87552K, 22% used [0x0000000081200000,0x00000000824f8e30,0x0000000086780000)
 Metaspace       used 15463K, capacity 15682K, committed 16000K, reserved 1062912K
  class space    used 1460K, capacity 1537K, committed 1664K, reserved 1048576K
}
Event: 41.897 GC heap before
{Heap before GC invocations=24 (full 0):
 PSYoungGen      total 556032K, used 556000K [0x00000000d5b80000, 0x00000000fec80000, 0x0000000100000000)
  eden space 551936K, 100% used [0x00000000d5b80000,0x00000000f7680000,0x00000000f7680000)
  from space 4096K, 99% used [0x00000000fde80000,0x00000000fe278010,0x00000000fe280000)
  to   space 9216K, 0% used [0x00000000fe380000,0x00000000fe380000,0x00000000fec80000)
 ParOldGen       total 87552K, used 19429K [0x0000000081200000, 0x0000000086780000, 0x00000000d5b80000)
  object space 87552K, 22% used [0x0000000081200000,0x00000000824f9700,0x0000000086780000)
 Metaspace       used 15463K, capacity 15682K, committed 16000K, reserved 1062912K
  class space    used 1460K, capacity 1537K, committed 1664K, reserved 1048576K
Event: 41.908 GC heap after
Heap after GC invocations=24 (full 0):
 PSYoungGen      total 530944K, used 4508K [0x00000000d5b80000, 0x00000000fe800000, 0x0000000100000000)
  eden space 526336K, 0% used [0x00000000d5b80000,0x00000000d5b80000,0x00000000f5d80000)
  from space 4608K, 97% used [0x00000000fe380000,0x00000000fe7e71c0,0x00000000fe800000)
  to   space 8704K, 0% used [0x00000000fd700000,0x00000000fd700000,0x00000000fdf80000)
 ParOldGen       total 87552K, used 19661K [0x0000000081200000, 0x0000000086780000, 0x00000000d5b80000)
  object space 87552K, 22% used [0x0000000081200000,0x0000000082533710,0x0000000086780000)
 Metaspace       used 15463K, capacity 15682K, committed 16000K, reserved 1062912K
  class space    used 1460K, capacity 1537K, committed 1664K, reserved 1048576K
}
Event: 44.119 GC heap before
{Heap before GC invocations=25 (full 0):
 PSYoungGen      total 530944K, used 530844K [0x00000000d5b80000, 0x00000000fe800000, 0x0000000100000000)
  eden space 526336K, 100% used [0x00000000d5b80000,0x00000000f5d80000,0x00000000f5d80000)
  from space 4608K, 97% used [0x00000000fe380000,0x00000000fe7e71c0,0x00000000fe800000)
  to   space 8704K, 0% used [0x00000000fd700000,0x00000000fd700000,0x00000000fdf80000)
 ParOldGen       total 87552K, used 19663K [0x0000000081200000, 0x0000000086780000, 0x00000000d5b80000)
  object space 87552K, 22% used [0x0000000081200000,0x0000000082533fc0,0x0000000086780000)
 Metaspace       used 15468K, capacity 15682K, committed 16000K, reserved 1062912K
  class space    used 1460K, capacity 1537K, committed 1664K, reserved 1048576K
Event: 44.133 GC heap after
Heap after GC invocations=25 (full 0):
 PSYoungGen      total 506368K, used 4380K [0x00000000d5b80000, 0x00000000fe400000, 0x0000000100000000)
  eden space 501760K, 0% used [0x00000000d5b80000,0x00000000d5b80000,0x00000000f4580000)
  from space 4608K, 95% used [0x00000000fd700000,0x00000000fdb471c0,0x00000000fdb80000)
  to   space 8192K, 0% used [0x00000000fdc00000,0x00000000fdc00000,0x00000000fe400000)
 ParOldGen       total 87552K, used 19807K [0x0000000081200000, 0x0000000086780000, 0x00000000d5b80000)
  object space 87552K, 22% used [0x0000000081200000,0x0000000082557fc0,0x0000000086780000)
 Metaspace       used 15468K, capacity 15682K, committed 16000K, reserved 1062912K
  class space    used 1460K, capacity 1537K, committed 1664K, reserved 1048576K
}
Event: 46.234 GC heap before
{Heap before GC invocations=26 (full 0):
 PSYoungGen      total 506368K, used 506140K [0x00000000d5b80000, 0x00000000fe400000, 0x0000000100000000)
  eden space 501760K, 100% used [0x00000000d5b80000,0x00000000f4580000,0x00000000f4580000)
  from space 4608K, 95% used [0x00000000fd700000,0x00000000fdb471c0,0x00000000fdb80000)
  to   space 8192K, 0% used [0x00000000fdc00000,0x00000000fdc00000,0x00000000fe400000)
 ParOldGen       total 87552K, used 19809K [0x0000000081200000, 0x0000000086780000, 0x00000000d5b80000)
  object space 87552K, 22% used [0x0000000081200000,0x00000000825587c0,0x0000000086780000)
 Metaspace       used 15468K, capacity 15682K, committed 16000K, reserved 1062912K
  class space    used 1460K, capacity 1537K, committed 1664K, reserved 1048576K
Event: 46.255 GC heap after
Heap after GC invocations=26 (full 0):
 PSYoungGen      total 483328K, used 4288K [0x00000000d5b80000, 0x00000000fe080000, 0x0000000100000000)
  eden space 478720K, 0% used [0x00000000d5b80000,0x00000000d5b80000,0x00000000f2f00000)
  from space 4608K, 93% used [0x00000000fdc00000,0x00000000fe030010,0x00000000fe080000)
  to   space 8192K, 0% used [0x00000000fd080000,0x00000000fd080000,0x00000000fd880000)
 ParOldGen       total 87552K, used 19945K [0x0000000081200000, 0x0000000086780000, 0x00000000d5b80000)
  object space 87552K, 22% used [0x0000000081200000,0x000000008257a7c0,0x0000000086780000)
 Metaspace       used 15468K, capacity 15682K, committed 16000K, reserved 1062912K
  class space    used 1460K, capacity 1537K, committed 1664K, reserved 1048576K
}

