# JRE version: Java(TM) SE Runtime Environment (8.0_172-b11) (build 1.8.0_172-b11)
# Java VM: Java HotSpot(TM) 64-Bit Server VM (25.172-b11 mixed mode windows-amd64 compressed oops)
Heap:
 PSYoungGen      total 74240K, used 62610K [0x00000000d5b80000, 0x00000000efb80000, 0x0000000100000000)
  eden space 73216K, 84% used [0x00000000d5b80000,0x00000000d98048b8,0x00000000da300000)
  from space 1024K, 62% used [0x00000000efa80000,0x00000000efb20000,0x00000000efb80000)
  to   space 2048K, 0% used [0x00000000ef780000,0x00000000ef780000,0x00000000ef980000)
 ParOldGen       total 87552K, used 52469K [0x0000000081200000, 0x0000000086780000, 0x00000000d5b80000)
  object space 87552K, 59% used [0x0000000081200000,0x000000008453d400,0x0000000086780000)
 Metaspace       used 15428K, capacity 15618K, committed 16000K, reserved 1062912K
  class space    used 1460K, capacity 1537K, committed 1664K, reserved 1048576K
GC Heap History (10 events):
Event: 192.969 GC heap before
{Heap before GC invocations=494 (full 0):
 PSYoungGen      total 87552K, used 87296K [0x00000000d5b80000, 0x00000000eff80000, 0x0000000100000000)
  eden space 86528K, 100% used [0x00000000d5b80000,0x00000000db000000,0x00000000db000000)
  from space 1024K, 75% used [0x00000000efc00000,0x00000000efcc0000,0x00000000efd00000)
  to   space 2048K, 0% used [0x00000000efd80000,0x00000000efd80000,0x00000000eff80000)
 ParOldGen       total 87552K, used 52253K [0x0000000081200000, 0x0000000086780000, 0x00000000d5b80000)
  object space 87552K, 59% used [0x0000000081200000,0x0000000084507400,0x0000000086780000)
 Metaspace       used 15428K, capacity 15618K, committed 16000K, reserved 1062912K
  class space    used 1460K, capacity 1537K, committed 1664K, reserved 1048576K
Event: 192.971 GC heap after
Heap after GC invocations=494 (full 0):
 PSYoungGen      total 84480K, used 704K [0x00000000d5b80000, 0x00000000efe80000, 0x0000000100000000)
  eden space 83456K, 0% used [0x00000000d5b80000,0x00000000d5b80000,0x00000000dad00000)
  from space 1024K, 68% used [0x00000000efd80000,0x00000000efe30000,0x00000000efe80000)
  to   space 2048K, 0% used [0x00000000efa80000,0x00000000efa80000,0x00000000efc80000)
 ParOldGen       total 87552K, used 52293K [0x0000000081200000, 0x0000000086780000, 0x00000000d5b80000)
  object space 87552K, 59% used [0x0000000081200000,0x0000000084511400,0x0000000086780000)
 Metaspace       used 15428K, capacity 15618K, committed 16000K, reserved 1062912K
  class space    used 1460K, capacity 1537K, committed 1664K, reserved 1048576K
}
Event: 193.353 GC heap before
{Heap before GC invocations=495 (full 0):
 PSYoungGen      total 84480K, used 84160K [0x00000000d5b80000, 0x00000000efe80000, 0x0000000100000000)
  eden space 83456K, 100% used [0x00000000d5b80000,0x00000000dad00000,0x00000000dad00000)
  from space 1024K, 68% used [0x00000000efd80000,0x00000000efe30000,0x00000000efe80000)
  to   space 2048K, 0% used [0x00000000efa80000,0x00000000efa80000,0x00000000efc80000)
 ParOldGen       total 87552K, used 52293K [0x0000000081200000, 0x0000000086780000, 0x00000000d5b80000)
  object space 87552K, 59% used [0x0000000081200000,0x0000000084511400,0x0000000086780000)
 Metaspace       used 15428K, capacity 15618K, committed 16000K, reserved 1062912K
  class space    used 1460K, capacity 1537K, committed 1664K, reserved 1048576K
Event: 193.357 GC heap after
Heap after GC invocations=495 (full 0):
 PSYoungGen      total 81920K, used 672K [0x00000000d5b80000, 0x00000000efe00000, 0x0000000100000000)
  eden space 80896K, 0% used [0x00000000d5b80000,0x00000000d5b80000,0x00000000daa80000)
  from space 1024K, 65% used [0x00000000efa80000,0x00000000efb28000,0x00000000efb80000)
  to   space 2048K, 0% used [0x00000000efc00000,0x00000000efc00000,0x00000000efe00000)
 ParOldGen       total 87552K, used 52333K [0x0000000081200000, 0x0000000086780000, 0x00000000d5b80000)
  object space 87552K, 59% used [0x0000000081200000,0x000000008451b400,0x0000000086780000)
 Metaspace       used 15428K, capacity 15618K, committed 16000K, reserved 1062912K
  class space    used 1460K, capacity 1537K, committed 1664K, reserved 1048576K
}
Event: 193.767 GC heap before
{Heap before GC invocations=496 (full 0):
 PSYoungGen      total 81920K, used 81568K [0x00000000d5b80000, 0x00000000efe00000, 0x0000000100000000)
  eden space 80896K, 100% used [0x00000000d5b80000,0x00000000daa80000,0x00000000daa80000)
  from space 1024K, 65% used [0x00000000efa80000,0x00000000efb28000,0x00000000efb80000)
  to   space 2048K, 0% used [0x00000000efc00000,0x00000000efc00000,0x00000000efe00000)
 ParOldGen       total 87552K, used 52333K [0x0000000081200000, 0x0000000086780000, 0x00000000d5b80000)
  object space 87552K, 59% used [0x0000000081200000,0x000000008451b400,0x0000000086780000)
 Metaspace       used 15428K, capacity 15618K, committed 16000K, reserved 1062912K
  class space    used 1460K, capacity 1537K, committed 1664K, reserved 1048576K
Event: 193.769 GC heap after
Heap after GC invocations=496 (full 0):
 PSYoungGen      total 79360K, used 704K [0x00000000d5b80000, 0x00000000efd00000, 0x0000000100000000)
  eden space 78336K, 0% used [0x00000000d5b80000,0x00000000d5b80000,0x00000000da800000)
  from space 1024K, 68% used [0x00000000efc00000,0x00000000efcb0000,0x00000000efd00000)
  to   space 2048K, 0% used [0x00000000ef900000,0x00000000ef900000,0x00000000efb00000)
 ParOldGen       total 87552K, used 52381K [0x0000000081200000, 0x0000000086780000, 0x00000000d5b80000)
  object space 87552K, 59% used [0x0000000081200000,0x0000000084527400,0x0000000086780000)
 Metaspace       used 15428K, capacity 15618K, committed 16000K, reserved 1062912K
  class space    used 1460K, capacity 1537K, committed 1664K, reserved 1048576K
}
Event: 194.135 GC heap before
{Heap before GC invocations=497 (full 0):
 PSYoungGen      total 79360K, used 79040K [0x00000000d5b80000, 0x00000000efd00000, 0x0000000100000000)
  eden space 78336K, 100% used [0x00000000d5b80000,0x00000000da800000,0x00000000da800000)
  from space 1024K, 68% used [0x00000000efc00000,0x00000000efcb0000,0x00000000efd00000)
  to   space 2048K, 0% used [0x00000000ef900000,0x00000000ef900000,0x00000000efb00000)
 ParOldGen       total 87552K, used 52381K [0x0000000081200000, 0x0000000086780000, 0x00000000d5b80000)
  object space 87552K, 59% used [0x0000000081200000,0x0000000084527400,0x0000000086780000)
 Metaspace       used 15428K, capacity 15618K, committed 16000K, reserved 1062912K
  class space    used 1460K, capacity 1537K, committed 1664K, reserved 1048576K
Event: 194.138 GC heap after
Heap after GC invocations=497 (full 0):
 PSYoungGen      total 76800K, used 736K [0x00000000d5b80000, 0x00000000efc80000, 0x0000000100000000)
  eden space 75776K, 0% used [0x00000000d5b80000,0x00000000d5b80000,0x00000000da580000)
  from space 1024K, 71% used [0x00000000ef900000,0x00000000ef9b8000,0x00000000efa00000)
  to   space 2048K, 0% used [0x00000000efa80000,0x00000000efa80000,0x00000000efc80000)
 ParOldGen       total 87552K, used 52429K [0x0000000081200000, 0x0000000086780000, 0x00000000d5b80000)
  object space 87552K, 59% used [0x0000000081200000,0x0000000084533400,0x0000000086780000)
 Metaspace       used 15428K, capacity 15618K, committed 16000K, reserved 1062912K
  class space    used 1460K, capacity 1537K, committed 1664K, reserved 1048576K
}
Event: 194.517 GC heap before
{Heap before GC invocations=498 (full 0):
 PSYoungGen      total 76800K, used 76075K [0x00000000d5b80000, 0x00000000efc80000, 0x0000000100000000)
  eden space 75776K, 99% used [0x00000000d5b80000,0x00000000da512dc0,0x00000000da580000)
  from space 1024K, 71% used [0x00000000ef900000,0x00000000ef9b8000,0x00000000efa00000)
  to   space 2048K, 0% used [0x00000000efa80000,0x00000000efa80000,0x00000000efc80000)
 ParOldGen       total 87552K, used 52429K [0x0000000081200000, 0x0000000086780000, 0x00000000d5b80000)
  object space 87552K, 59% used [0x0000000081200000,0x0000000084533400,0x0000000086780000)
 Metaspace       used 15428K, capacity 15618K, committed 16000K, reserved 1062912K
  class space    used 1460K, capacity 1537K, committed 1664K, reserved 1048576K
Event: 194.519 GC heap after
Heap after GC invocations=498 (full 0):
 PSYoungGen      total 74240K, used 640K [0x00000000d5b80000, 0x00000000efb80000, 0x0000000100000000)
  eden space 73216K, 0% used [0x00000000d5b80000,0x00000000d5b80000,0x00000000da300000)
  from space 1024K, 62% used [0x00000000efa80000,0x00000000efb20000,0x00000000efb80000)
  to   space 2048K, 0% used [0x00000000ef780000,0x00000000ef780000,0x00000000ef980000)
 ParOldGen       total 87552K, used 52469K [0x0000000081200000, 0x0000000086780000, 0x00000000d5b80000)
  object space 87552K, 59% used [0x0000000081200000,0x000000008453d400,0x0000000086780000)
 Metaspace       used 15428K, capacity 15618K, committed 16000K, reserved 1062912K
  class space    used 1460K, capacity 1537K, committed 1664K, reserved 1048576K
}

