# JRE version: Java(TM) SE Runtime Environment (8.0_172-b11) (build 1.8.0_172-b11)
# Java VM: Java HotSpot(TM) 64-Bit Server VM (25.172-b11 mixed mode windows-amd64 compressed oops)
Heap:
 PSYoungGen      total 278528K, used 236086K [0x00000000d5b80000, 0x00000000e7a80000, 0x0000000100000000)
  eden space 264704K, 88% used [0x00000000d5b80000,0x00000000e4035a90,0x00000000e5e00000)
  from space 13824K, 13% used [0x00000000e6c00000,0x00000000e6dd8000,0x00000000e7980000)
  to   space 14336K, 0% used [0x00000000e5e00000,0x00000000e5e00000,0x00000000e6c00000)
 ParOldGen       total 87552K, used 17614K [0x0000000081200000, 0x0000000086780000, 0x00000000d5b80000)
  object space 87552K, 20% used [0x0000000081200000,0x0000000082333948,0x0000000086780000)
 Metaspace       used 15286K, capacity 15490K, committed 15744K, reserved 1062912K
  class space    used 1459K, capacity 1537K, committed 1664K, reserved 1048576K
GC Heap History (10 events):
Event: 4.328 GC heap before
{Heap before GC invocations=8 (full 0):
 PSYoungGen      total 144896K, used 143684K [0x00000000d5b80000, 0x00000000e7980000, 0x0000000100000000)
  eden space 132608K, 100% used [0x00000000d5b80000,0x00000000ddd00000,0x00000000ddd00000)
  from space 12288K, 90% used [0x00000000ddd00000,0x00000000de7d1128,0x00000000de900000)
  to   space 13824K, 0% used [0x00000000e6c00000,0x00000000e6c00000,0x00000000e7980000)
 ParOldGen       total 87552K, used 8985K [0x0000000081200000, 0x0000000086780000, 0x00000000d5b80000)
  object space 87552K, 10% used [0x0000000081200000,0x0000000081ac64d0,0x0000000086780000)
 Metaspace       used 14990K, capacity 15170K, committed 15488K, reserved 1062912K
  class space    used 1458K, capacity 1537K, committed 1664K, reserved 1048576K
Event: 4.336 GC heap after
Heap after GC invocations=8 (full 0):
 PSYoungGen      total 278528K, used 9417K [0x00000000d5b80000, 0x00000000e7a80000, 0x0000000100000000)
  eden space 264704K, 0% used [0x00000000d5b80000,0x00000000d5b80000,0x00000000e5e00000)
  from space 13824K, 68% used [0x00000000e6c00000,0x00000000e75324e8,0x00000000e7980000)
  to   space 14336K, 0% used [0x00000000e5e00000,0x00000000e5e00000,0x00000000e6c00000)
 ParOldGen       total 87552K, used 9009K [0x0000000081200000, 0x0000000086780000, 0x00000000d5b80000)
  object space 87552K, 10% used [0x0000000081200000,0x0000000081acc4d0,0x0000000086780000)
 Metaspace       used 14990K, capacity 15170K, committed 15488K, reserved 1062912K
  class space    used 1458K, capacity 1537K, committed 1664K, reserved 1048576K
}
Event: 5.520 GC heap before
{Heap before GC invocations=9 (full 0):
 PSYoungGen      total 278528K, used 274121K [0x00000000d5b80000, 0x00000000e7a80000, 0x0000000100000000)
  eden space 264704K, 100% used [0x00000000d5b80000,0x00000000e5e00000,0x00000000e5e00000)
  from space 13824K, 68% used [0x00000000e6c00000,0x00000000e75324e8,0x00000000e7980000)
  to   space 14336K, 0% used [0x00000000e5e00000,0x00000000e5e00000,0x00000000e6c00000)
 ParOldGen       total 87552K, used 9009K [0x0000000081200000, 0x0000000086780000, 0x00000000d5b80000)
  object space 87552K, 10% used [0x0000000081200000,0x0000000081acc4d0,0x0000000086780000)
 Metaspace       used 15035K, capacity 15234K, committed 15488K, reserved 1062912K
  class space    used 1459K, capacity 1537K, committed 1664K, reserved 1048576K
Event: 5.536 GC heap after
Heap after GC invocations=9 (full 0):
 PSYoungGen      total 279040K, used 5075K [0x00000000d5b80000, 0x00000000e7a80000, 0x0000000100000000)
  eden space 264704K, 0% used [0x00000000d5b80000,0x00000000d5b80000,0x00000000e5e00000)
  from space 14336K, 35% used [0x00000000e5e00000,0x00000000e62f4d48,0x00000000e6c00000)
  to   space 13824K, 0% used [0x00000000e6c00000,0x00000000e6c00000,0x00000000e7980000)
 ParOldGen       total 87552K, used 14319K [0x0000000081200000, 0x0000000086780000, 0x00000000d5b80000)
  object space 87552K, 16% used [0x0000000081200000,0x0000000081ffbc70,0x0000000086780000)
 Metaspace       used 15035K, capacity 15234K, committed 15488K, reserved 1062912K
  class space    used 1459K, capacity 1537K, committed 1664K, reserved 1048576K
}
Event: 6.645 GC heap before
{Heap before GC invocations=10 (full 0):
 PSYoungGen      total 279040K, used 269779K [0x00000000d5b80000, 0x00000000e7a80000, 0x0000000100000000)
  eden space 264704K, 100% used [0x00000000d5b80000,0x00000000e5e00000,0x00000000e5e00000)
  from space 14336K, 35% used [0x00000000e5e00000,0x00000000e62f4d48,0x00000000e6c00000)
  to   space 13824K, 0% used [0x00000000e6c00000,0x00000000e6c00000,0x00000000e7980000)
 ParOldGen       total 87552K, used 14319K [0x0000000081200000, 0x0000000086780000, 0x00000000d5b80000)
  object space 87552K, 16% used [0x0000000081200000,0x0000000081ffbc70,0x0000000086780000)
 Metaspace       used 15097K, capacity 15234K, committed 15488K, reserved 1062912K
  class space    used 1459K, capacity 1537K, committed 1664K, reserved 1048576K
Event: 6.654 GC heap after
Heap after GC invocations=10 (full 0):
 PSYoungGen      total 278528K, used 1856K [0x00000000d5b80000, 0x00000000e7a80000, 0x0000000100000000)
  eden space 264704K, 0% used [0x00000000d5b80000,0x00000000d5b80000,0x00000000e5e00000)
  from space 13824K, 13% used [0x00000000e6c00000,0x00000000e6dd0000,0x00000000e7980000)
  to   space 14336K, 0% used [0x00000000e5e00000,0x00000000e5e00000,0x00000000e6c00000)
 ParOldGen       total 87552K, used 17526K [0x0000000081200000, 0x0000000086780000, 0x00000000d5b80000)
  object space 87552K, 20% used [0x0000000081200000,0x000000008231d948,0x0000000086780000)
 Metaspace       used 15097K, capacity 15234K, committed 15488K, reserved 1062912K
  class space    used 1459K, capacity 1537K, committed 1664K, reserved 1048576K
}
Event: 7.745 GC heap before
{Heap before GC invocations=11 (full 0):
 PSYoungGen      total 278528K, used 266560K [0x00000000d5b80000, 0x00000000e7a80000, 0x0000000100000000)
  eden space 264704K, 100% used [0x00000000d5b80000,0x00000000e5e00000,0x00000000e5e00000)
  from space 13824K, 13% used [0x00000000e6c00000,0x00000000e6dd0000,0x00000000e7980000)
  to   space 14336K, 0% used [0x00000000e5e00000,0x00000000e5e00000,0x00000000e6c00000)
 ParOldGen       total 87552K, used 17526K [0x0000000081200000, 0x0000000086780000, 0x00000000d5b80000)
  object space 87552K, 20% used [0x0000000081200000,0x000000008231d948,0x0000000086780000)
 Metaspace       used 15170K, capacity 15362K, committed 15744K, reserved 1062912K
  class space    used 1459K, capacity 1537K, committed 1664K, reserved 1048576K
Event: 7.751 GC heap after
Heap after GC invocations=11 (full 0):
 PSYoungGen      total 279040K, used 1888K [0x00000000d5b80000, 0x00000000e7a80000, 0x0000000100000000)
  eden space 264704K, 0% used [0x00000000d5b80000,0x00000000d5b80000,0x00000000e5e00000)
  from space 14336K, 13% used [0x00000000e5e00000,0x00000000e5fd8000,0x00000000e6c00000)
  to   space 13824K, 0% used [0x00000000e6c00000,0x00000000e6c00000,0x00000000e7980000)
 ParOldGen       total 87552K, used 17582K [0x0000000081200000, 0x0000000086780000, 0x00000000d5b80000)
  object space 87552K, 20% used [0x0000000081200000,0x000000008232b948,0x0000000086780000)
 Metaspace       used 15170K, capacity 15362K, committed 15744K, reserved 1062912K
  class space    used 1459K, capacity 1537K, committed 1664K, reserved 1048576K
}
Event: 8.835 GC heap before
{Heap before GC invocations=12 (full 0):
 PSYoungGen      total 279040K, used 266592K [0x00000000d5b80000, 0x00000000e7a80000, 0x0000000100000000)
  eden space 264704K, 100% used [0x00000000d5b80000,0x00000000e5e00000,0x00000000e5e00000)
  from space 14336K, 13% used [0x00000000e5e00000,0x00000000e5fd8000,0x00000000e6c00000)
  to   space 13824K, 0% used [0x00000000e6c00000,0x00000000e6c00000,0x00000000e7980000)
 ParOldGen       total 87552K, used 17582K [0x0000000081200000, 0x0000000086780000, 0x00000000d5b80000)
  object space 87552K, 20% used [0x0000000081200000,0x000000008232b948,0x0000000086780000)
 Metaspace       used 15194K, capacity 15362K, committed 15744K, reserved 1062912K
  class space    used 1459K, capacity 1537K, committed 1664K, reserved 1048576K
Event: 8.841 GC heap after
Heap after GC invocations=12 (full 0):
 PSYoungGen      total 278528K, used 1888K [0x00000000d5b80000, 0x00000000e7a80000, 0x0000000100000000)
  eden space 264704K, 0% used [0x00000000d5b80000,0x00000000d5b80000,0x00000000e5e00000)
  from space 13824K, 13% used [0x00000000e6c00000,0x00000000e6dd8000,0x00000000e7980000)
  to   space 14336K, 0% used [0x00000000e5e00000,0x00000000e5e00000,0x00000000e6c00000)
 ParOldGen       total 87552K, used 17614K [0x0000000081200000, 0x0000000086780000, 0x00000000d5b80000)
  object space 87552K, 20% used [0x0000000081200000,0x0000000082333948,0x0000000086780000)
 Metaspace       used 15194K, capacity 15362K, committed 15744K, reserved 1062912K
  class space    used 1459K, capacity 1537K, committed 1664K, reserved 1048576K
}

