# JRE version: Java(TM) SE Runtime Environment (8.0_172-b11) (build 1.8.0_172-b11)
# Java VM: Java HotSpot(TM) 64-Bit Server VM (25.172-b11 mixed mode windows-amd64 compressed oops)
Heap:
 PSYoungGen      total 581120K, used 128944K [0x00000000d5b80000, 0x00000000fec80000, 0x0000000100000000)
  eden space 580608K, 22% used [0x00000000d5b80000,0x00000000dd9142e8,0x00000000f9280000)
  from space 512K, 68% used [0x00000000fec00000,0x00000000fec58000,0x00000000fec80000)
  to   space 9728K, 0% used [0x00000000fd980000,0x00000000fd980000,0x00000000fe300000)
 ParOldGen       total 87552K, used 12387K [0x0000000081200000, 0x0000000086780000, 0x00000000d5b80000)
  object space 87552K, 14% used [0x0000000081200000,0x0000000081e18de8,0x0000000086780000)
 Metaspace       used 15007K, capacity 15150K, committed 15360K, reserved 1062912K
  class space    used 1438K, capacity 1505K, committed 1536K, reserved 1048576K
GC Heap History (10 events):
Event: 41.328 GC heap before
{Heap before GC invocations=12 (full 0):
 PSYoungGen      total 436224K, used 425281K [0x00000000d5b80000, 0x0000000100000000, 0x0000000100000000)
  eden space 425472K, 99% used [0x00000000d5b80000,0x00000000efa907c0,0x00000000efb00000)
  from space 10752K, 2% used [0x00000000efb00000,0x00000000efb40000,0x00000000f0580000)
  to   space 10752K, 0% used [0x00000000ff580000,0x00000000ff580000,0x0000000100000000)
 ParOldGen       total 87552K, used 11173K [0x0000000081200000, 0x0000000086780000, 0x00000000d5b80000)
  object space 87552K, 12% used [0x0000000081200000,0x0000000081ce95b8,0x0000000086780000)
 Metaspace       used 15000K, capacity 15150K, committed 15360K, reserved 1062912K
  class space    used 1437K, capacity 1505K, committed 1536K, reserved 1048576K
Event: 41.331 GC heap after
Heap after GC invocations=12 (full 0):
 PSYoungGen      total 681984K, used 320K [0x00000000d5b80000, 0x0000000100000000, 0x0000000100000000)
  eden space 671232K, 0% used [0x00000000d5b80000,0x00000000d5b80000,0x00000000feb00000)
  from space 10752K, 2% used [0x00000000ff580000,0x00000000ff5d0010,0x0000000100000000)
  to   space 10752K, 0% used [0x00000000feb00000,0x00000000feb00000,0x00000000ff580000)
 ParOldGen       total 87552K, used 11325K [0x0000000081200000, 0x0000000086780000, 0x00000000d5b80000)
  object space 87552K, 12% used [0x0000000081200000,0x0000000081d0f5b8,0x0000000086780000)
 Metaspace       used 15000K, capacity 15150K, committed 15360K, reserved 1062912K
  class space    used 1437K, capacity 1505K, committed 1536K, reserved 1048576K
}
Event: 59.020 GC heap before
{Heap before GC invocations=13 (full 0):
 PSYoungGen      total 681984K, used 671552K [0x00000000d5b80000, 0x0000000100000000, 0x0000000100000000)
  eden space 671232K, 100% used [0x00000000d5b80000,0x00000000feb00000,0x00000000feb00000)
  from space 10752K, 2% used [0x00000000ff580000,0x00000000ff5d0010,0x0000000100000000)
  to   space 10752K, 0% used [0x00000000feb00000,0x00000000feb00000,0x00000000ff580000)
 ParOldGen       total 87552K, used 11325K [0x0000000081200000, 0x0000000086780000, 0x00000000d5b80000)
  object space 87552K, 12% used [0x0000000081200000,0x0000000081d0f5b8,0x0000000086780000)
 Metaspace       used 15000K, capacity 15150K, committed 15360K, reserved 1062912K
  class space    used 1437K, capacity 1505K, committed 1536K, reserved 1048576K
Event: 59.028 GC heap after
Heap after GC invocations=13 (full 0):
 PSYoungGen      total 671744K, used 416K [0x00000000d5b80000, 0x00000000fff00000, 0x0000000100000000)
  eden space 671232K, 0% used [0x00000000d5b80000,0x00000000d5b80000,0x00000000feb00000)
  from space 512K, 81% used [0x00000000feb00000,0x00000000feb68000,0x00000000feb80000)
  to   space 10240K, 0% used [0x00000000ff500000,0x00000000ff500000,0x00000000fff00000)
 ParOldGen       total 87552K, used 11541K [0x0000000081200000, 0x0000000086780000, 0x00000000d5b80000)
  object space 87552K, 13% used [0x0000000081200000,0x0000000081d455c8,0x0000000086780000)
 Metaspace       used 15000K, capacity 15150K, committed 15360K, reserved 1062912K
  class space    used 1437K, capacity 1505K, committed 1536K, reserved 1048576K
}
Event: 76.877 GC heap before
{Heap before GC invocations=14 (full 0):
 PSYoungGen      total 671744K, used 671648K [0x00000000d5b80000, 0x00000000fff00000, 0x0000000100000000)
  eden space 671232K, 100% used [0x00000000d5b80000,0x00000000feb00000,0x00000000feb00000)
  from space 512K, 81% used [0x00000000feb00000,0x00000000feb68000,0x00000000feb80000)
  to   space 10240K, 0% used [0x00000000ff500000,0x00000000ff500000,0x00000000fff00000)
 ParOldGen       total 87552K, used 11541K [0x0000000081200000, 0x0000000086780000, 0x00000000d5b80000)
  object space 87552K, 13% used [0x0000000081200000,0x0000000081d455c8,0x0000000086780000)
 Metaspace       used 15000K, capacity 15150K, committed 15360K, reserved 1062912K
  class space    used 1437K, capacity 1505K, committed 1536K, reserved 1048576K
Event: 76.892 GC heap after
Heap after GC invocations=14 (full 0):
 PSYoungGen      total 640512K, used 544K [0x00000000d5b80000, 0x00000000ff600000, 0x0000000100000000)
  eden space 639488K, 0% used [0x00000000d5b80000,0x00000000d5b80000,0x00000000fcc00000)
  from space 1024K, 53% used [0x00000000ff500000,0x00000000ff588010,0x00000000ff600000)
  to   space 10240K, 0% used [0x00000000fe200000,0x00000000fe200000,0x00000000fec00000)
 ParOldGen       total 87552K, used 11811K [0x0000000081200000, 0x0000000086780000, 0x00000000d5b80000)
  object space 87552K, 13% used [0x0000000081200000,0x0000000081d88dd8,0x0000000086780000)
 Metaspace       used 15000K, capacity 15150K, committed 15360K, reserved 1062912K
  class space    used 1437K, capacity 1505K, committed 1536K, reserved 1048576K
}
Event: 106.798 GC heap before
{Heap before GC invocations=15 (full 0):
 PSYoungGen      total 640512K, used 639945K [0x00000000d5b80000, 0x00000000ff600000, 0x0000000100000000)
  eden space 639488K, 99% used [0x00000000d5b80000,0x00000000fcbea540,0x00000000fcc00000)
  from space 1024K, 53% used [0x00000000ff500000,0x00000000ff588010,0x00000000ff600000)
  to   space 10240K, 0% used [0x00000000fe200000,0x00000000fe200000,0x00000000fec00000)
 ParOldGen       total 87552K, used 11811K [0x0000000081200000, 0x0000000086780000, 0x00000000d5b80000)
  object space 87552K, 13% used [0x0000000081200000,0x0000000081d88dd8,0x0000000086780000)
 Metaspace       used 15000K, capacity 15150K, committed 15360K, reserved 1062912K
  class space    used 1437K, capacity 1505K, committed 1536K, reserved 1048576K
Event: 106.809 GC heap after
Heap after GC invocations=15 (full 0):
 PSYoungGen      total 619520K, used 352K [0x00000000d5b80000, 0x00000000ff580000, 0x0000000100000000)
  eden space 609280K, 0% used [0x00000000d5b80000,0x00000000d5b80000,0x00000000fae80000)
  from space 10240K, 3% used [0x00000000fe200000,0x00000000fe258000,0x00000000fec00000)
  to   space 9728K, 0% used [0x00000000fec00000,0x00000000fec00000,0x00000000ff580000)
 ParOldGen       total 87552K, used 12171K [0x0000000081200000, 0x0000000086780000, 0x00000000d5b80000)
  object space 87552K, 13% used [0x0000000081200000,0x0000000081de2de8,0x0000000086780000)
 Metaspace       used 15000K, capacity 15150K, committed 15360K, reserved 1062912K
  class space    used 1437K, capacity 1505K, committed 1536K, reserved 1048576K
}
Event: 146.711 GC heap before
{Heap before GC invocations=16 (full 0):
 PSYoungGen      total 619520K, used 609632K [0x00000000d5b80000, 0x00000000ff580000, 0x0000000100000000)
  eden space 609280K, 100% used [0x00000000d5b80000,0x00000000fae80000,0x00000000fae80000)
  from space 10240K, 3% used [0x00000000fe200000,0x00000000fe258000,0x00000000fec00000)
  to   space 9728K, 0% used [0x00000000fec00000,0x00000000fec00000,0x00000000ff580000)
 ParOldGen       total 87552K, used 12171K [0x0000000081200000, 0x0000000086780000, 0x00000000d5b80000)
  object space 87552K, 13% used [0x0000000081200000,0x0000000081de2de8,0x0000000086780000)
 Metaspace       used 15000K, capacity 15150K, committed 15360K, reserved 1062912K
  class space    used 1437K, capacity 1505K, committed 1536K, reserved 1048576K
Event: 146.715 GC heap after
Heap after GC invocations=16 (full 0):
 PSYoungGen      total 581120K, used 352K [0x00000000d5b80000, 0x00000000fec80000, 0x0000000100000000)
  eden space 580608K, 0% used [0x00000000d5b80000,0x00000000d5b80000,0x00000000f9280000)
  from space 512K, 68% used [0x00000000fec00000,0x00000000fec58000,0x00000000fec80000)
  to   space 9728K, 0% used [0x00000000fd980000,0x00000000fd980000,0x00000000fe300000)
 ParOldGen       total 87552K, used 12387K [0x0000000081200000, 0x0000000086780000, 0x00000000d5b80000)
  object space 87552K, 14% used [0x0000000081200000,0x0000000081e18de8,0x0000000086780000)
 Metaspace       used 15000K, capacity 15150K, committed 15360K, reserved 1062912K
  class space    used 1437K, capacity 1505K, committed 1536K, reserved 1048576K
}

